[  745079ms] [INFO] %cDownload the React DevTools for a better development experience: https://react.dev/link/react-devtools font-weight:bold @ http://localhost:3000/_next/static/chunks/0o.g_next_dist_12tw8g6._.js:2477
[  745129ms] [LOG] [HMR] connected @ http://localhost:3000/_next/static/chunks/0o.g_next_dist_12tw8g6._.js:2477
[  795726ms] [LOG] [Fast Refresh] rebuilding @ http://localhost:3000/_next/static/chunks/0o.g_next_dist_12tw8g6._.js:2477
[  795816ms] [LOG] [Fast Refresh] done in 191ms @ http://localhost:3000/_next/static/chunks/0o.g_next_dist_12tw8g6._.js:2477
[  795917ms] [LOG] [Fast Refresh] rebuilding @ http://localhost:3000/_next/static/chunks/0o.g_next_dist_12tw8g6._.js:2477
[  796007ms] [LOG] [Fast Refresh] done in 191ms @ http://localhost:3000/_next/static/chunks/0o.g_next_dist_12tw8g6._.js:2477
[  796294ms] [LOG] [Fast Refresh] rebuilding @ http://localhost:3000/_next/static/chunks/0o.g_next_dist_12tw8g6._.js:2477
[  796380ms] [LOG] [Fast Refresh] done in 185ms @ http://localhost:3000/_next/static/chunks/0o.g_next_dist_12tw8g6._.js:2477
[  797855ms] [LOG] [Fast Refresh] rebuilding @ http://localhost:3000/_next/static/chunks/0o.g_next_dist_12tw8g6._.js:2477
[  797961ms] [LOG] [Fast Refresh] done in 207ms @ http://localhost:3000/_next/static/chunks/0o.g_next_dist_12tw8g6._.js:2477
[  798062ms] [LOG] [Fast Refresh] rebuilding @ http://localhost:3000/_next/static/chunks/0o.g_next_dist_12tw8g6._.js:2477
[  798156ms] [LOG] [Fast Refresh] done in 195ms @ http://localhost:3000/_next/static/chunks/0o.g_next_dist_12tw8g6._.js:2477
[  798257ms] [LOG] [Fast Refresh] rebuilding @ http://localhost:3000/_next/static/chunks/0o.g_next_dist_12tw8g6._.js:2477
[  798453ms] [LOG] [Fast Refresh] done in 296ms @ http://localhost:3000/_next/static/chunks/0o.g_next_dist_12tw8g6._.js:2477
[  799783ms] [LOG] [Fast Refresh] rebuilding @ http://localhost:3000/_next/static/chunks/0o.g_next_dist_12tw8g6._.js:2477
[  799872ms] [LOG] [Fast Refresh] done in 189ms @ http://localhost:3000/_next/static/chunks/0o.g_next_dist_12tw8g6._.js:2477
[  799973ms] [LOG] [Fast Refresh] rebuilding @ http://localhost:3000/_next/static/chunks/0o.g_next_dist_12tw8g6._.js:2477
[  800052ms] [LOG] [Fast Refresh] done in 179ms @ http://localhost:3000/_next/static/chunks/0o.g_next_dist_12tw8g6._.js:2477
[  801749ms] [LOG] [Fast Refresh] rebuilding @ http://localhost:3000/_next/static/chunks/0o.g_next_dist_12tw8g6._.js:2477
[  801850ms] [LOG] [Fast Refresh] done in 201ms @ http://localhost:3000/_next/static/chunks/0o.g_next_dist_12tw8g6._.js:2477
[  801950ms] [LOG] [Fast Refresh] rebuilding @ http://localhost:3000/_next/static/chunks/0o.g_next_dist_12tw8g6._.js:2477
[  802036ms] [LOG] [Fast Refresh] done in 187ms @ http://localhost:3000/_next/static/chunks/0o.g_next_dist_12tw8g6._.js:2477
[  802137ms] [LOG] [Fast Refresh] rebuilding @ http://localhost:3000/_next/static/chunks/0o.g_next_dist_12tw8g6._.js:2477
[  802229ms] [LOG] [Fast Refresh] done in 193ms @ http://localhost:3000/_next/static/chunks/0o.g_next_dist_12tw8g6._.js:2477
[  803640ms] [LOG] [Fast Refresh] rebuilding @ http://localhost:3000/_next/static/chunks/0o.g_next_dist_12tw8g6._.js:2477
[  803741ms] [LOG] [Fast Refresh] done in 201ms @ http://localhost:3000/_next/static/chunks/0o.g_next_dist_12tw8g6._.js:2477
[  803841ms] [LOG] [Fast Refresh] rebuilding @ http://localhost:3000/_next/static/chunks/0o.g_next_dist_12tw8g6._.js:2477
[  803940ms] [LOG] [Fast Refresh] done in 198ms @ http://localhost:3000/_next/static/chunks/0o.g_next_dist_12tw8g6._.js:2477
[  804040ms] [LOG] [Fast Refresh] rebuilding @ http://localhost:3000/_next/static/chunks/0o.g_next_dist_12tw8g6._.js:2477
[  804131ms] [LOG] [Fast Refresh] done in 190ms @ http://localhost:3000/_next/static/chunks/0o.g_next_dist_12tw8g6._.js:2477
[  805857ms] [LOG] [Fast Refresh] rebuilding @ http://localhost:3000/_next/static/chunks/0o.g_next_dist_12tw8g6._.js:2477
[  805943ms] [LOG] [Fast Refresh] done in 185ms @ http://localhost:3000/_next/static/chunks/0o.g_next_dist_12tw8g6._.js:2477
[  806044ms] [LOG] [Fast Refresh] rebuilding @ http://localhost:3000/_next/static/chunks/0o.g_next_dist_12tw8g6._.js:2477
[  806133ms] [LOG] [Fast Refresh] done in 189ms @ http://localhost:3000/_next/static/chunks/0o.g_next_dist_12tw8g6._.js:2477
[  807890ms] [LOG] [Fast Refresh] rebuilding @ http://localhost:3000/_next/static/chunks/0o.g_next_dist_12tw8g6._.js:2477
[  807992ms] [LOG] [Fast Refresh] done in 203ms @ http://localhost:3000/_next/static/chunks/0o.g_next_dist_12tw8g6._.js:2477
[  808287ms] [LOG] [Fast Refresh] rebuilding @ http://localhost:3000/_next/static/chunks/0o.g_next_dist_12tw8g6._.js:2477
[  808399ms] [LOG] [Fast Refresh] done in 212ms @ http://localhost:3000/_next/static/chunks/0o.g_next_dist_12tw8g6._.js:2477
[  809653ms] [LOG] [Fast Refresh] rebuilding @ http://localhost:3000/_next/static/chunks/0o.g_next_dist_12tw8g6._.js:2477
[  809752ms] [LOG] [Fast Refresh] done in 199ms @ http://localhost:3000/_next/static/chunks/0o.g_next_dist_12tw8g6._.js:2477
[  809853ms] [LOG] [Fast Refresh] rebuilding @ http://localhost:3000/_next/static/chunks/0o.g_next_dist_12tw8g6._.js:2477
[  809951ms] [LOG] [Fast Refresh] done in 197ms @ http://localhost:3000/_next/static/chunks/0o.g_next_dist_12tw8g6._.js:2477
[  810051ms] [LOG] [Fast Refresh] rebuilding @ http://localhost:3000/_next/static/chunks/0o.g_next_dist_12tw8g6._.js:2477
[  810224ms] [LOG] [Fast Refresh] done in 272ms @ http://localhost:3000/_next/static/chunks/0o.g_next_dist_12tw8g6._.js:2477
[  811783ms] [LOG] [Fast Refresh] rebuilding @ http://localhost:3000/_next/static/chunks/0o.g_next_dist_12tw8g6._.js:2477
[  811894ms] [LOG] [Fast Refresh] done in 210ms @ http://localhost:3000/_next/static/chunks/0o.g_next_dist_12tw8g6._.js:2477
[  812302ms] [LOG] [Fast Refresh] rebuilding @ http://localhost:3000/_next/static/chunks/0o.g_next_dist_12tw8g6._.js:2477
[  812302ms] [LOG] [Fast Refresh] done in 204ms @ http://localhost:3000/_next/static/chunks/0o.g_next_dist_12tw8g6._.js:2477
[  813835ms] [LOG] [Fast Refresh] rebuilding @ http://localhost:3000/_next/static/chunks/0o.g_next_dist_12tw8g6._.js:2477
[  813959ms] [LOG] [Fast Refresh] done in 224ms @ http://localhost:3000/_next/static/chunks/0o.g_next_dist_12tw8g6._.js:2477
[  814061ms] [LOG] [Fast Refresh] rebuilding @ http://localhost:3000/_next/static/chunks/0o.g_next_dist_12tw8g6._.js:2477
[  814293ms] [LOG] [Fast Refresh] done in 332ms @ http://localhost:3000/_next/static/chunks/0o.g_next_dist_12tw8g6._.js:2477
[  815759ms] [LOG] [Fast Refresh] rebuilding @ http://localhost:3000/_next/static/chunks/0o.g_next_dist_12tw8g6._.js:2477
[  815857ms] [LOG] [Fast Refresh] done in 197ms @ http://localhost:3000/_next/static/chunks/0o.g_next_dist_12tw8g6._.js:2477
[  816148ms] [LOG] [Fast Refresh] rebuilding @ http://localhost:3000/_next/static/chunks/0o.g_next_dist_12tw8g6._.js:2477
[  816243ms] [LOG] [Fast Refresh] done in 195ms @ http://localhost:3000/_next/static/chunks/0o.g_next_dist_12tw8g6._.js:2477
[  817816ms] [LOG] [Fast Refresh] rebuilding @ http://localhost:3000/_next/static/chunks/0o.g_next_dist_12tw8g6._.js:2477
[  817919ms] [LOG] [Fast Refresh] done in 213ms @ http://localhost:3000/_next/static/chunks/0o.g_next_dist_12tw8g6._.js:2477
[  818020ms] [LOG] [Fast Refresh] rebuilding @ http://localhost:3000/_next/static/chunks/0o.g_next_dist_12tw8g6._.js:2477
[  818106ms] [LOG] [Fast Refresh] done in 186ms @ http://localhost:3000/_next/static/chunks/0o.g_next_dist_12tw8g6._.js:2477
[  818206ms] [LOG] [Fast Refresh] rebuilding @ http://localhost:3000/_next/static/chunks/0o.g_next_dist_12tw8g6._.js:2477
[  818298ms] [LOG] [Fast Refresh] done in 192ms @ http://localhost:3000/_next/static/chunks/0o.g_next_dist_12tw8g6._.js:2477
[  819763ms] [LOG] [Fast Refresh] rebuilding @ http://localhost:3000/_next/static/chunks/0o.g_next_dist_12tw8g6._.js:2477
[  819861ms] [LOG] [Fast Refresh] done in 198ms @ http://localhost:3000/_next/static/chunks/0o.g_next_dist_12tw8g6._.js:2477
[  820153ms] [LOG] [Fast Refresh] rebuilding @ http://localhost:3000/_next/static/chunks/0o.g_next_dist_12tw8g6._.js:2477
[  820244ms] [LOG] [Fast Refresh] done in 191ms @ http://localhost:3000/_next/static/chunks/0o.g_next_dist_12tw8g6._.js:2477
[  821666ms] [LOG] [Fast Refresh] rebuilding @ http://localhost:3000/_next/static/chunks/0o.g_next_dist_12tw8g6._.js:2477
[  821759ms] [LOG] [Fast Refresh] done in 192ms @ http://localhost:3000/_next/static/chunks/0o.g_next_dist_12tw8g6._.js:2477
[  821859ms] [LOG] [Fast Refresh] rebuilding @ http://localhost:3000/_next/static/chunks/0o.g_next_dist_12tw8g6._.js:2477
[  821952ms] [LOG] [Fast Refresh] done in 193ms @ http://localhost:3000/_next/static/chunks/0o.g_next_dist_12tw8g6._.js:2477
[  822053ms] [LOG] [Fast Refresh] rebuilding @ http://localhost:3000/_next/static/chunks/0o.g_next_dist_12tw8g6._.js:2477
[  822137ms] [LOG] [Fast Refresh] done in 185ms @ http://localhost:3000/_next/static/chunks/0o.g_next_dist_12tw8g6._.js:2477
[  823817ms] [LOG] [Fast Refresh] rebuilding @ http://localhost:3000/_next/static/chunks/0o.g_next_dist_12tw8g6._.js:2477
[  824074ms] [LOG] [Fast Refresh] done in 358ms @ http://localhost:3000/_next/static/chunks/0o.g_next_dist_12tw8g6._.js:2477
[  824175ms] [LOG] [Fast Refresh] rebuilding @ http://localhost:3000/_next/static/chunks/0o.g_next_dist_12tw8g6._.js:2477
[  824291ms] [LOG] [Fast Refresh] done in 216ms @ http://localhost:3000/_next/static/chunks/0o.g_next_dist_12tw8g6._.js:2477
[  825776ms] [LOG] [Fast Refresh] rebuilding @ http://localhost:3000/_next/static/chunks/0o.g_next_dist_12tw8g6._.js:2477
[  825869ms] [LOG] [Fast Refresh] done in 192ms @ http://localhost:3000/_next/static/chunks/0o.g_next_dist_12tw8g6._.js:2477
[  825969ms] [LOG] [Fast Refresh] rebuilding @ http://localhost:3000/_next/static/chunks/0o.g_next_dist_12tw8g6._.js:2477
[  826048ms] [LOG] [Fast Refresh] done in 179ms @ http://localhost:3000/_next/static/chunks/0o.g_next_dist_12tw8g6._.js:2477
[  827760ms] [LOG] [Fast Refresh] rebuilding @ http://localhost:3000/_next/static/chunks/0o.g_next_dist_12tw8g6._.js:2477
[  827845ms] [LOG] [Fast Refresh] done in 185ms @ http://localhost:3000/_next/static/chunks/0o.g_next_dist_12tw8g6._.js:2477
[  827946ms] [LOG] [Fast Refresh] rebuilding @ http://localhost:3000/_next/static/chunks/0o.g_next_dist_12tw8g6._.js:2477
[  828043ms] [LOG] [Fast Refresh] done in 197ms @ http://localhost:3000/_next/static/chunks/0o.g_next_dist_12tw8g6._.js:2477
[  829662ms] [LOG] [Fast Refresh] rebuilding @ http://localhost:3000/_next/static/chunks/0o.g_next_dist_12tw8g6._.js:2477
[  829758ms] [LOG] [Fast Refresh] done in 196ms @ http://localhost:3000/_next/static/chunks/0o.g_next_dist_12tw8g6._.js:2477
[  829858ms] [LOG] [Fast Refresh] rebuilding @ http://localhost:3000/_next/static/chunks/0o.g_next_dist_12tw8g6._.js:2477
[  829955ms] [LOG] [Fast Refresh] done in 196ms @ http://localhost:3000/_next/static/chunks/0o.g_next_dist_12tw8g6._.js:2477
[  830055ms] [LOG] [Fast Refresh] rebuilding @ http://localhost:3000/_next/static/chunks/0o.g_next_dist_12tw8g6._.js:2477
[  830156ms] [LOG] [Fast Refresh] done in 201ms @ http://localhost:3000/_next/static/chunks/0o.g_next_dist_12tw8g6._.js:2477
[  831669ms] [LOG] [Fast Refresh] rebuilding @ http://localhost:3000/_next/static/chunks/0o.g_next_dist_12tw8g6._.js:2477
[  831753ms] [LOG] [Fast Refresh] done in 183ms @ http://localhost:3000/_next/static/chunks/0o.g_next_dist_12tw8g6._.js:2477
[  832045ms] [LOG] [Fast Refresh] rebuilding @ http://localhost:3000/_next/static/chunks/0o.g_next_dist_12tw8g6._.js:2477
[  832124ms] [LOG] [Fast Refresh] done in 180ms @ http://localhost:3000/_next/static/chunks/0o.g_next_dist_12tw8g6._.js:2477
[  833687ms] [LOG] [Fast Refresh] rebuilding @ http://localhost:3000/_next/static/chunks/0o.g_next_dist_12tw8g6._.js:2477
[  833772ms] [LOG] [Fast Refresh] done in 185ms @ http://localhost:3000/_next/static/chunks/0o.g_next_dist_12tw8g6._.js:2477
[  833873ms] [LOG] [Fast Refresh] rebuilding @ http://localhost:3000/_next/static/chunks/0o.g_next_dist_12tw8g6._.js:2477
[  833960ms] [LOG] [Fast Refresh] done in 187ms @ http://localhost:3000/_next/static/chunks/0o.g_next_dist_12tw8g6._.js:2477
[  834259ms] [LOG] [Fast Refresh] rebuilding @ http://localhost:3000/_next/static/chunks/0o.g_next_dist_12tw8g6._.js:2477
[  834341ms] [LOG] [Fast Refresh] done in 183ms @ http://localhost:3000/_next/static/chunks/0o.g_next_dist_12tw8g6._.js:2477
[  835743ms] [LOG] [Fast Refresh] rebuilding @ http://localhost:3000/_next/static/chunks/0o.g_next_dist_12tw8g6._.js:2477
[  835841ms] [LOG] [Fast Refresh] done in 198ms @ http://localhost:3000/_next/static/chunks/0o.g_next_dist_12tw8g6._.js:2477
[  836128ms] [LOG] [Fast Refresh] rebuilding @ http://localhost:3000/_next/static/chunks/0o.g_next_dist_12tw8g6._.js:2477
[  836217ms] [LOG] [Fast Refresh] done in 189ms @ http://localhost:3000/_next/static/chunks/0o.g_next_dist_12tw8g6._.js:2477
[  837637ms] [LOG] [Fast Refresh] rebuilding @ http://localhost:3000/_next/static/chunks/0o.g_next_dist_12tw8g6._.js:2477
[  837728ms] [LOG] [Fast Refresh] done in 191ms @ http://localhost:3000/_next/static/chunks/0o.g_next_dist_12tw8g6._.js:2477
[  837829ms] [LOG] [Fast Refresh] rebuilding @ http://localhost:3000/_next/static/chunks/0o.g_next_dist_12tw8g6._.js:2477
[  837924ms] [LOG] [Fast Refresh] done in 195ms @ http://localhost:3000/_next/static/chunks/0o.g_next_dist_12tw8g6._.js:2477
[  838024ms] [LOG] [Fast Refresh] rebuilding @ http://localhost:3000/_next/static/chunks/0o.g_next_dist_12tw8g6._.js:2477
[  838119ms] [LOG] [Fast Refresh] done in 194ms @ http://localhost:3000/_next/static/chunks/0o.g_next_dist_12tw8g6._.js:2477
[  839743ms] [LOG] [Fast Refresh] rebuilding @ http://localhost:3000/_next/static/chunks/0o.g_next_dist_12tw8g6._.js:2477
[  840014ms] [LOG] [Fast Refresh] done in 371ms @ http://localhost:3000/_next/static/chunks/0o.g_next_dist_12tw8g6._.js:2477
[  840314ms] [LOG] [Fast Refresh] rebuilding @ http://localhost:3000/_next/static/chunks/0o.g_next_dist_12tw8g6._.js:2477
[  840398ms] [LOG] [Fast Refresh] done in 190ms @ http://localhost:3000/_next/static/chunks/0o.g_next_dist_12tw8g6._.js:2477
[  841721ms] [LOG] [Fast Refresh] rebuilding @ http://localhost:3000/_next/static/chunks/0o.g_next_dist_12tw8g6._.js:2477
[  841818ms] [LOG] [Fast Refresh] done in 198ms @ http://localhost:3000/_next/static/chunks/0o.g_next_dist_12tw8g6._.js:2477
[  841919ms] [LOG] [Fast Refresh] rebuilding @ http://localhost:3000/_next/static/chunks/0o.g_next_dist_12tw8g6._.js:2477
[  842002ms] [LOG] [Fast Refresh] done in 183ms @ http://localhost:3000/_next/static/chunks/0o.g_next_dist_12tw8g6._.js:2477
[  843813ms] [LOG] [Fast Refresh] rebuilding @ http://localhost:3000/_next/static/chunks/0o.g_next_dist_12tw8g6._.js:2477
[  843896ms] [LOG] [Fast Refresh] done in 188ms @ http://localhost:3000/_next/static/chunks/0o.g_next_dist_12tw8g6._.js:2477
[  843997ms] [LOG] [Fast Refresh] rebuilding @ http://localhost:3000/_next/static/chunks/0o.g_next_dist_12tw8g6._.js:2477
[  844075ms] [LOG] [Fast Refresh] done in 178ms @ http://localhost:3000/_next/static/chunks/0o.g_next_dist_12tw8g6._.js:2477
[  845679ms] [LOG] [Fast Refresh] rebuilding @ http://localhost:3000/_next/static/chunks/0o.g_next_dist_12tw8g6._.js:2477
[  845765ms] [LOG] [Fast Refresh] done in 186ms @ http://localhost:3000/_next/static/chunks/0o.g_next_dist_12tw8g6._.js:2477
[  845865ms] [LOG] [Fast Refresh] rebuilding @ http://localhost:3000/_next/static/chunks/0o.g_next_dist_12tw8g6._.js:2477
[  845959ms] [LOG] [Fast Refresh] done in 193ms @ http://localhost:3000/_next/static/chunks/0o.g_next_dist_12tw8g6._.js:2477
[  846059ms] [LOG] [Fast Refresh] rebuilding @ http://localhost:3000/_next/static/chunks/0o.g_next_dist_12tw8g6._.js:2477
[  846192ms] [LOG] [Fast Refresh] done in 232ms @ http://localhost:3000/_next/static/chunks/0o.g_next_dist_12tw8g6._.js:2477
[  847754ms] [LOG] [Fast Refresh] rebuilding @ http://localhost:3000/_next/static/chunks/0o.g_next_dist_12tw8g6._.js:2477
[  847840ms] [LOG] [Fast Refresh] done in 186ms @ http://localhost:3000/_next/static/chunks/0o.g_next_dist_12tw8g6._.js:2477
[  848132ms] [LOG] [Fast Refresh] rebuilding @ http://localhost:3000/_next/static/chunks/0o.g_next_dist_12tw8g6._.js:2477
[  848221ms] [LOG] [Fast Refresh] done in 189ms @ http://localhost:3000/_next/static/chunks/0o.g_next_dist_12tw8g6._.js:2477
[  849843ms] [LOG] [Fast Refresh] rebuilding @ http://localhost:3000/_next/static/chunks/0o.g_next_dist_12tw8g6._.js:2477
[  849933ms] [LOG] [Fast Refresh] done in 191ms @ http://localhost:3000/_next/static/chunks/0o.g_next_dist_12tw8g6._.js:2477
[  850228ms] [LOG] [Fast Refresh] rebuilding @ http://localhost:3000/_next/static/chunks/0o.g_next_dist_12tw8g6._.js:2477
[  850319ms] [LOG] [Fast Refresh] done in 192ms @ http://localhost:3000/_next/static/chunks/0o.g_next_dist_12tw8g6._.js:2477
[  851732ms] [LOG] [Fast Refresh] rebuilding @ http://localhost:3000/_next/static/chunks/0o.g_next_dist_12tw8g6._.js:2477
[  851820ms] [LOG] [Fast Refresh] done in 189ms @ http://localhost:3000/_next/static/chunks/0o.g_next_dist_12tw8g6._.js:2477
[  852118ms] [LOG] [Fast Refresh] rebuilding @ http://localhost:3000/_next/static/chunks/0o.g_next_dist_12tw8g6._.js:2477
[  852193ms] [LOG] [Fast Refresh] done in 176ms @ http://localhost:3000/_next/static/chunks/0o.g_next_dist_12tw8g6._.js:2477
[  853827ms] [LOG] [Fast Refresh] rebuilding @ http://localhost:3000/_next/static/chunks/0o.g_next_dist_12tw8g6._.js:2477
[  853907ms] [LOG] [Fast Refresh] done in 181ms @ http://localhost:3000/_next/static/chunks/0o.g_next_dist_12tw8g6._.js:2477
[  854008ms] [LOG] [Fast Refresh] rebuilding @ http://localhost:3000/_next/static/chunks/0o.g_next_dist_12tw8g6._.js:2477
[  854094ms] [LOG] [Fast Refresh] done in 187ms @ http://localhost:3000/_next/static/chunks/0o.g_next_dist_12tw8g6._.js:2477
[  855671ms] [LOG] [Fast Refresh] rebuilding @ http://localhost:3000/_next/static/chunks/0o.g_next_dist_12tw8g6._.js:2477
[  855765ms] [LOG] [Fast Refresh] done in 195ms @ http://localhost:3000/_next/static/chunks/0o.g_next_dist_12tw8g6._.js:2477
[  856085ms] [LOG] [Fast Refresh] rebuilding @ http://localhost:3000/_next/static/chunks/0o.g_next_dist_12tw8g6._.js:2477
[  856365ms] [LOG] [Fast Refresh] done in 381ms @ http://localhost:3000/_next/static/chunks/0o.g_next_dist_12tw8g6._.js:2477
[  857748ms] [LOG] [Fast Refresh] rebuilding @ http://localhost:3000/_next/static/chunks/0o.g_next_dist_12tw8g6._.js:2477
[  857831ms] [LOG] [Fast Refresh] done in 182ms @ http://localhost:3000/_next/static/chunks/0o.g_next_dist_12tw8g6._.js:2477
[  858117ms] [LOG] [Fast Refresh] rebuilding @ http://localhost:3000/_next/static/chunks/0o.g_next_dist_12tw8g6._.js:2477
[  858205ms] [LOG] [Fast Refresh] done in 188ms @ http://localhost:3000/_next/static/chunks/0o.g_next_dist_12tw8g6._.js:2477
[  859915ms] [LOG] [Fast Refresh] rebuilding @ http://localhost:3000/_next/static/chunks/0o.g_next_dist_12tw8g6._.js:2477
[  860013ms] [LOG] [Fast Refresh] done in 198ms @ http://localhost:3000/_next/static/chunks/0o.g_next_dist_12tw8g6._.js:2477
[  860314ms] [LOG] [Fast Refresh] rebuilding @ http://localhost:3000/_next/static/chunks/0o.g_next_dist_12tw8g6._.js:2477
[  860410ms] [LOG] [Fast Refresh] done in 197ms @ http://localhost:3000/_next/static/chunks/0o.g_next_dist_12tw8g6._.js:2477
[  861632ms] [LOG] [Fast Refresh] rebuilding @ http://localhost:3000/_next/static/chunks/0o.g_next_dist_12tw8g6._.js:2477
[  861726ms] [LOG] [Fast Refresh] done in 193ms @ http://localhost:3000/_next/static/chunks/0o.g_next_dist_12tw8g6._.js:2477
[  861826ms] [LOG] [Fast Refresh] rebuilding @ http://localhost:3000/_next/static/chunks/0o.g_next_dist_12tw8g6._.js:2477
[  861926ms] [LOG] [Fast Refresh] done in 199ms @ http://localhost:3000/_next/static/chunks/0o.g_next_dist_12tw8g6._.js:2477
[  862026ms] [LOG] [Fast Refresh] rebuilding @ http://localhost:3000/_next/static/chunks/0o.g_next_dist_12tw8g6._.js:2477
[  862109ms] [LOG] [Fast Refresh] done in 183ms @ http://localhost:3000/_next/static/chunks/0o.g_next_dist_12tw8g6._.js:2477
[  863884ms] [LOG] [Fast Refresh] rebuilding @ http://localhost:3000/_next/static/chunks/0o.g_next_dist_12tw8g6._.js:2477
[  864019ms] [LOG] [Fast Refresh] done in 236ms @ http://localhost:3000/_next/static/chunks/0o.g_next_dist_12tw8g6._.js:2477
[  864120ms] [LOG] [Fast Refresh] rebuilding @ http://localhost:3000/_next/static/chunks/0o.g_next_dist_12tw8g6._.js:2477
[  864241ms] [LOG] [Fast Refresh] done in 222ms @ http://localhost:3000/_next/static/chunks/0o.g_next_dist_12tw8g6._.js:2477
[  865744ms] [LOG] [Fast Refresh] rebuilding @ http://localhost:3000/_next/static/chunks/0o.g_next_dist_12tw8g6._.js:2477
[  865837ms] [LOG] [Fast Refresh] done in 193ms @ http://localhost:3000/_next/static/chunks/0o.g_next_dist_12tw8g6._.js:2477
[  866119ms] [LOG] [Fast Refresh] rebuilding @ http://localhost:3000/_next/static/chunks/0o.g_next_dist_12tw8g6._.js:2477
[  866217ms] [LOG] [Fast Refresh] done in 198ms @ http://localhost:3000/_next/static/chunks/0o.g_next_dist_12tw8g6._.js:2477
[  867649ms] [LOG] [Fast Refresh] rebuilding @ http://localhost:3000/_next/static/chunks/0o.g_next_dist_12tw8g6._.js:2477
[  867729ms] [LOG] [Fast Refresh] done in 181ms @ http://localhost:3000/_next/static/chunks/0o.g_next_dist_12tw8g6._.js:2477
[  867830ms] [LOG] [Fast Refresh] rebuilding @ http://localhost:3000/_next/static/chunks/0o.g_next_dist_12tw8g6._.js:2477
[  867914ms] [LOG] [Fast Refresh] done in 185ms @ http://localhost:3000/_next/static/chunks/0o.g_next_dist_12tw8g6._.js:2477
[  868015ms] [LOG] [Fast Refresh] rebuilding @ http://localhost:3000/_next/static/chunks/0o.g_next_dist_12tw8g6._.js:2477
[  868094ms] [LOG] [Fast Refresh] done in 179ms @ http://localhost:3000/_next/static/chunks/0o.g_next_dist_12tw8g6._.js:2477
[  869741ms] [LOG] [Fast Refresh] rebuilding @ http://localhost:3000/_next/static/chunks/0o.g_next_dist_12tw8g6._.js:2477
[  870044ms] [LOG] [Fast Refresh] done in 402ms @ http://localhost:3000/_next/static/chunks/0o.g_next_dist_12tw8g6._.js:2477
[  918370ms] [LOG] [Fast Refresh] rebuilding @ http://localhost:3000/_next/static/chunks/0o.g_next_dist_12tw8g6._.js:2477
[  918380ms] [LOG] [Fast Refresh] done in 111ms @ http://localhost:3000/_next/static/chunks/0o.g_next_dist_12tw8g6._.js:2477
[ 1295344ms] [LOG] [Fast Refresh] rebuilding @ http://localhost:3000/_next/static/chunks/0o.g_next_dist_12tw8g6._.js:2477
[ 1295359ms] [LOG] [Fast Refresh] done in 127ms @ http://localhost:3000/_next/static/chunks/0o.g_next_dist_12tw8g6._.js:2477
[ 1524019ms] [WARNING] WARN Symbol legend count exceeds limit, filtering items. @ http://localhost:3000/_next/static/chunks/0o.g_next_dist_12tw8g6._.js:2477
[ 1524167ms] [WARNING] WARN Symbol legend count exceeds limit, filtering items. @ http://localhost:3000/_next/static/chunks/0o.g_next_dist_12tw8g6._.js:2477
[ 1524583ms] [LOG] [Fast Refresh] rebuilding @ http://localhost:3000/_next/static/chunks/0o.g_next_dist_12tw8g6._.js:2477
[ 1524624ms] [LOG] [Fast Refresh] done in 176ms @ http://localhost:3000/_next/static/chunks/0o.g_next_dist_12tw8g6._.js:2477
