[  389693ms] [INFO] %cDownload the React DevTools for a better development experience: https://react.dev/link/react-devtools font-weight:bold @ http://localhost:3000/_next/static/chunks/0o.g_next_dist_12tw8g6._.js:2477
[  389736ms] [LOG] [HMR] connected @ http://localhost:3000/_next/static/chunks/0o.g_next_dist_12tw8g6._.js:2477
[  690364ms] [LOG] [Fast Refresh] rebuilding @ http://localhost:3000/_next/static/chunks/0o.g_next_dist_12tw8g6._.js:2477
[  690598ms] [LOG] [Fast Refresh] done in 314ms @ http://localhost:3000/_next/static/chunks/0o.g_next_dist_12tw8g6._.js:2477
[  983721ms] [LOG] [Fast Refresh] rebuilding @ http://localhost:3000/_next/static/chunks/0o.g_next_dist_12tw8g6._.js:2477
[  984086ms] [LOG] [Fast Refresh] done in 269ms @ http://localhost:3000/_next/static/chunks/0o.g_next_dist_12tw8g6._.js:2477
[  984675ms] [LOG] [Fast Refresh] rebuilding @ http://localhost:3000/_next/static/chunks/0o.g_next_dist_12tw8g6._.js:2477
[  984902ms] [LOG] [Fast Refresh] done in 328ms @ http://localhost:3000/_next/static/chunks/0o.g_next_dist_12tw8g6._.js:2477
[  985005ms] [LOG] [Fast Refresh] rebuilding @ http://localhost:3000/_next/static/chunks/0o.g_next_dist_12tw8g6._.js:2477
[  985051ms] [LOG] [Fast Refresh] done in 145ms @ http://localhost:3000/_next/static/chunks/0o.g_next_dist_12tw8g6._.js:2477
[  985216ms] [LOG] [Fast Refresh] rebuilding @ http://localhost:3000/_next/static/chunks/0o.g_next_dist_12tw8g6._.js:2477
[  985335ms] [LOG] [Fast Refresh] done in 220ms @ http://localhost:3000/_next/static/chunks/0o.g_next_dist_12tw8g6._.js:2477
[  985678ms] [LOG] [Fast Refresh] rebuilding @ http://localhost:3000/_next/static/chunks/0o.g_next_dist_12tw8g6._.js:2477
[  985831ms] [LOG] [Fast Refresh] done in 253ms @ http://localhost:3000/_next/static/chunks/0o.g_next_dist_12tw8g6._.js:2477
[  986226ms] [LOG] [Fast Refresh] rebuilding @ http://localhost:3000/_next/static/chunks/0o.g_next_dist_12tw8g6._.js:2477
[  986791ms] [LOG] [Fast Refresh] done in 678ms @ http://localhost:3000/_next/static/chunks/0o.g_next_dist_12tw8g6._.js:2477
[ 1058218ms] [LOG] [Fast Refresh] rebuilding @ http://localhost:3000/_next/static/chunks/0o.g_next_dist_12tw8g6._.js:2477
[ 1058233ms] [LOG] [Fast Refresh] done in 116ms @ http://localhost:3000/_next/static/chunks/0o.g_next_dist_12tw8g6._.js:2477
[ 1152927ms] [LOG] [Fast Refresh] rebuilding @ http://localhost:3000/_next/static/chunks/0o.g_next_dist_12tw8g6._.js:2477
[ 1158715ms] [LOG] [Fast Refresh] done in 5818ms @ http://localhost:3000/_next/static/chunks/0o.g_next_dist_12tw8g6._.js:2477
[ 1176641ms] [LOG] [Fast Refresh] rebuilding @ http://localhost:3000/_next/static/chunks/0o.g_next_dist_12tw8g6._.js:2477
[ 1176661ms] [LOG] [Fast Refresh] done in 94ms @ http://localhost:3000/_next/static/chunks/0o.g_next_dist_12tw8g6._.js:2477
[ 1215163ms] [LOG] [Fast Refresh] rebuilding @ http://localhost:3000/_next/static/chunks/0o.g_next_dist_12tw8g6._.js:2477
[ 1215176ms] [LOG] [Fast Refresh] done in 109ms @ http://localhost:3000/_next/static/chunks/0o.g_next_dist_12tw8g6._.js:2477
[ 1221915ms] [LOG] [Fast Refresh] rebuilding @ http://localhost:3000/_next/static/chunks/0o.g_next_dist_12tw8g6._.js:2477
[ 1221945ms] [LOG] [Fast Refresh] done in 119ms @ http://localhost:3000/_next/static/chunks/0o.g_next_dist_12tw8g6._.js:2477
[ 1243691ms] [LOG] [Fast Refresh] rebuilding @ http://localhost:3000/_next/static/chunks/0o.g_next_dist_12tw8g6._.js:2477
[ 1244047ms] [LOG] [Fast Refresh] done in 456ms @ http://localhost:3000/_next/static/chunks/0o.g_next_dist_12tw8g6._.js:2477
[ 1244194ms] [LOG] [Fast Refresh] rebuilding @ http://localhost:3000/_next/static/chunks/0o.g_next_dist_12tw8g6._.js:2477
[ 1244310ms] [LOG] [Fast Refresh] done in 216ms @ http://localhost:3000/_next/static/chunks/0o.g_next_dist_12tw8g6._.js:2477
