[     150ms] [INFO] %cDownload the React DevTools for a better development experience: https://react.dev/link/react-devtools font-weight:bold @ http://localhost:3000/_next/static/chunks/0o.g_next_dist_12tw8g6._.js:2477
[     182ms] [LOG] [HMR] connected @ http://localhost:3000/_next/static/chunks/0o.g_next_dist_12tw8g6._.js:2477
[   21137ms] [LOG] [Fast Refresh] rebuilding @ http://localhost:3000/_next/static/chunks/0o.g_next_dist_12tw8g6._.js:2477
[   21226ms] [LOG] [Fast Refresh] done in 191ms @ http://localhost:3000/_next/static/chunks/0o.g_next_dist_12tw8g6._.js:2477
[   31144ms] [LOG] [Fast Refresh] rebuilding @ http://localhost:3000/_next/static/chunks/0o.g_next_dist_12tw8g6._.js:2477
[   31174ms] [LOG] [Fast Refresh] done in 138ms @ http://localhost:3000/_next/static/chunks/0o.g_next_dist_12tw8g6._.js:2477
[   61137ms] [LOG] [Fast Refresh] rebuilding @ http://localhost:3000/_next/static/chunks/0o.g_next_dist_12tw8g6._.js:2477
[   61164ms] [LOG] [Fast Refresh] done in 128ms @ http://localhost:3000/_next/static/chunks/0o.g_next_dist_12tw8g6._.js:2477
[   66143ms] [LOG] [Fast Refresh] rebuilding @ http://localhost:3000/_next/static/chunks/0o.g_next_dist_12tw8g6._.js:2477
[   66167ms] [LOG] [Fast Refresh] done in 131ms @ http://localhost:3000/_next/static/chunks/0o.g_next_dist_12tw8g6._.js:2477
[  108570ms] [LOG] [Fast Refresh] rebuilding @ http://localhost:3000/_next/static/chunks/0o.g_next_dist_12tw8g6._.js:2477
[  108584ms] [LOG] [Fast Refresh] done in 115ms @ http://localhost:3000/_next/static/chunks/0o.g_next_dist_12tw8g6._.js:2477
[  121153ms] [LOG] [Fast Refresh] rebuilding @ http://localhost:3000/_next/static/chunks/0o.g_next_dist_12tw8g6._.js:2477
[  121250ms] [LOG] [Fast Refresh] done in 212ms @ http://localhost:3000/_next/static/chunks/0o.g_next_dist_12tw8g6._.js:2477
[  142017ms] [LOG] [Fast Refresh] rebuilding @ http://localhost:3000/_next/static/chunks/0o.g_next_dist_12tw8g6._.js:2477
[  142171ms] [LOG] [Fast Refresh] done in 149ms @ http://localhost:3000/_next/static/chunks/0o.g_next_dist_12tw8g6._.js:2477
[  146148ms] [LOG] [Fast Refresh] rebuilding @ http://localhost:3000/_next/static/chunks/0o.g_next_dist_12tw8g6._.js:2477
[  146224ms] [LOG] [Fast Refresh] done in 188ms @ http://localhost:3000/_next/static/chunks/0o.g_next_dist_12tw8g6._.js:2477
[  148780ms] [LOG] [Fast Refresh] rebuilding @ http://localhost:3000/_next/static/chunks/0o.g_next_dist_12tw8g6._.js:2477
[  149031ms] [LOG] [Fast Refresh] done in 253ms @ http://localhost:3000/_next/static/chunks/0o.g_next_dist_12tw8g6._.js:2477
[  156163ms] [LOG] [Fast Refresh] rebuilding @ http://localhost:3000/_next/static/chunks/0o.g_next_dist_12tw8g6._.js:2477
[  156294ms] [LOG] [Fast Refresh] done in 132ms @ http://localhost:3000/_next/static/chunks/0o.g_next_dist_12tw8g6._.js:2477
[  166999ms] [LOG] [Fast Refresh] rebuilding @ http://localhost:3000/_next/static/chunks/0o.g_next_dist_12tw8g6._.js:2477
[  167081ms] [LOG] [Fast Refresh] done in 106ms @ http://localhost:3000/_next/static/chunks/0o.g_next_dist_12tw8g6._.js:2477
[  181139ms] [LOG] [Fast Refresh] rebuilding @ http://localhost:3000/_next/static/chunks/0o.g_next_dist_12tw8g6._.js:2477
[  181166ms] [LOG] [Fast Refresh] done in 131ms @ http://localhost:3000/_next/static/chunks/0o.g_next_dist_12tw8g6._.js:2477
[  191147ms] [LOG] [Fast Refresh] rebuilding @ http://localhost:3000/_next/static/chunks/0o.g_next_dist_12tw8g6._.js:2477
[  191195ms] [LOG] [Fast Refresh] done in 160ms @ http://localhost:3000/_next/static/chunks/0o.g_next_dist_12tw8g6._.js:2477
[  211136ms] [LOG] [Fast Refresh] rebuilding @ http://localhost:3000/_next/static/chunks/0o.g_next_dist_12tw8g6._.js:2477
[  211167ms] [LOG] [Fast Refresh] done in 132ms @ http://localhost:3000/_next/static/chunks/0o.g_next_dist_12tw8g6._.js:2477
[  216112ms] [LOG] [Fast Refresh] rebuilding @ http://localhost:3000/_next/static/chunks/0o.g_next_dist_12tw8g6._.js:2477
[  216138ms] [LOG] [Fast Refresh] done in 131ms @ http://localhost:3000/_next/static/chunks/0o.g_next_dist_12tw8g6._.js:2477
[  241137ms] [LOG] [Fast Refresh] rebuilding @ http://localhost:3000/_next/static/chunks/0o.g_next_dist_12tw8g6._.js:2477
[  241163ms] [LOG] [Fast Refresh] done in 129ms @ http://localhost:3000/_next/static/chunks/0o.g_next_dist_12tw8g6._.js:2477
[  276209ms] [LOG] [Fast Refresh] rebuilding @ http://localhost:3000/_next/static/chunks/0o.g_next_dist_12tw8g6._.js:2477
[  276236ms] [LOG] [Fast Refresh] done in 128ms @ http://localhost:3000/_next/static/chunks/0o.g_next_dist_12tw8g6._.js:2477
[  301155ms] [LOG] [Fast Refresh] rebuilding @ http://localhost:3000/_next/static/chunks/0o.g_next_dist_12tw8g6._.js:2477
[  301156ms] [LOG] [Fast Refresh] done in 121ms @ http://localhost:3000/_next/static/chunks/0o.g_next_dist_12tw8g6._.js:2477
[  331135ms] [LOG] [Fast Refresh] rebuilding @ http://localhost:3000/_next/static/chunks/0o.g_next_dist_12tw8g6._.js:2477
[  331222ms] [LOG] [Fast Refresh] done in 186ms @ http://localhost:3000/_next/static/chunks/0o.g_next_dist_12tw8g6._.js:2477
[  336135ms] [LOG] [Fast Refresh] rebuilding @ http://localhost:3000/_next/static/chunks/0o.g_next_dist_12tw8g6._.js:2477
[  336165ms] [LOG] [Fast Refresh] done in 144ms @ http://localhost:3000/_next/static/chunks/0o.g_next_dist_12tw8g6._.js:2477
[  361135ms] [LOG] [Fast Refresh] rebuilding @ http://localhost:3000/_next/static/chunks/0o.g_next_dist_12tw8g6._.js:2477
[  361195ms] [LOG] [Fast Refresh] done in 160ms @ http://localhost:3000/_next/static/chunks/0o.g_next_dist_12tw8g6._.js:2477
[  391161ms] [LOG] [Fast Refresh] rebuilding @ http://localhost:3000/_next/static/chunks/0o.g_next_dist_12tw8g6._.js:2477
[  391164ms] [LOG] [Fast Refresh] done in 129ms @ http://localhost:3000/_next/static/chunks/0o.g_next_dist_12tw8g6._.js:2477
[  421144ms] [LOG] [Fast Refresh] rebuilding @ http://localhost:3000/_next/static/chunks/0o.g_next_dist_12tw8g6._.js:2477
[  421175ms] [LOG] [Fast Refresh] done in 139ms @ http://localhost:3000/_next/static/chunks/0o.g_next_dist_12tw8g6._.js:2477
[  426153ms] [LOG] [Fast Refresh] rebuilding @ http://localhost:3000/_next/static/chunks/0o.g_next_dist_12tw8g6._.js:2477
[  426190ms] [LOG] [Fast Refresh] done in 155ms @ http://localhost:3000/_next/static/chunks/0o.g_next_dist_12tw8g6._.js:2477
[  446135ms] [LOG] [Fast Refresh] rebuilding @ http://localhost:3000/_next/static/chunks/0o.g_next_dist_12tw8g6._.js:2477
[  446196ms] [LOG] [Fast Refresh] done in 162ms @ http://localhost:3000/_next/static/chunks/0o.g_next_dist_12tw8g6._.js:2477
[  451136ms] [LOG] [Fast Refresh] rebuilding @ http://localhost:3000/_next/static/chunks/0o.g_next_dist_12tw8g6._.js:2477
[  451162ms] [LOG] [Fast Refresh] done in 128ms @ http://localhost:3000/_next/static/chunks/0o.g_next_dist_12tw8g6._.js:2477
[  455654ms] [INFO] %cDownload the React DevTools for a better development experience: https://react.dev/link/react-devtools font-weight:bold @ http://localhost:3000/_next/static/chunks/0o.g_next_dist_12tw8g6._.js:2477
[  455693ms] [LOG] [HMR] connected @ http://localhost:3000/_next/static/chunks/0o.g_next_dist_12tw8g6._.js:2477
[  456562ms] [LOG] [Fast Refresh] rebuilding @ http://localhost:3000/_next/static/chunks/0o.g_next_dist_12tw8g6._.js:2477
[  456563ms] [LOG] [Fast Refresh] done in 138ms @ http://localhost:3000/_next/static/chunks/0o.g_next_dist_12tw8g6._.js:2477
[  471514ms] [LOG] [Fast Refresh] rebuilding @ http://localhost:3000/_next/static/chunks/0o.g_next_dist_12tw8g6._.js:2477
[  471638ms] [LOG] [Fast Refresh] done in 229ms @ http://localhost:3000/_next/static/chunks/0o.g_next_dist_12tw8g6._.js:2477
[  486512ms] [LOG] [Fast Refresh] rebuilding @ http://localhost:3000/_next/static/chunks/0o.g_next_dist_12tw8g6._.js:2477
[  486656ms] [LOG] [Fast Refresh] done in 246ms @ http://localhost:3000/_next/static/chunks/0o.g_next_dist_12tw8g6._.js:2477
[  491567ms] [LOG] [Fast Refresh] rebuilding @ http://localhost:3000/_next/static/chunks/0o.g_next_dist_12tw8g6._.js:2477
[  491605ms] [LOG] [Fast Refresh] done in 148ms @ http://localhost:3000/_next/static/chunks/0o.g_next_dist_12tw8g6._.js:2477
[  521510ms] [LOG] [Fast Refresh] rebuilding @ http://localhost:3000/_next/static/chunks/0o.g_next_dist_12tw8g6._.js:2477
[  521622ms] [LOG] [Fast Refresh] done in 213ms @ http://localhost:3000/_next/static/chunks/0o.g_next_dist_12tw8g6._.js:2477
[  526659ms] [LOG] [Fast Refresh] rebuilding @ http://localhost:3000/_next/static/chunks/0o.g_next_dist_12tw8g6._.js:2477
[  526780ms] [LOG] [Fast Refresh] done in 222ms @ http://localhost:3000/_next/static/chunks/0o.g_next_dist_12tw8g6._.js:2477
[  561518ms] [LOG] [Fast Refresh] rebuilding @ http://localhost:3000/_next/static/chunks/0o.g_next_dist_12tw8g6._.js:2477
[  561523ms] [LOG] [Fast Refresh] done in 106ms @ http://localhost:3000/_next/static/chunks/0o.g_next_dist_12tw8g6._.js:2477
[  566531ms] [LOG] [Fast Refresh] rebuilding @ http://localhost:3000/_next/static/chunks/0o.g_next_dist_12tw8g6._.js:2477
[  566619ms] [LOG] [Fast Refresh] done in 203ms @ http://localhost:3000/_next/static/chunks/0o.g_next_dist_12tw8g6._.js:2477
[  571562ms] [LOG] [Fast Refresh] rebuilding @ http://localhost:3000/_next/static/chunks/0o.g_next_dist_12tw8g6._.js:2477
[  571768ms] [LOG] [Fast Refresh] done in 308ms @ http://localhost:3000/_next/static/chunks/0o.g_next_dist_12tw8g6._.js:2477
[  581541ms] [LOG] [Fast Refresh] rebuilding @ http://localhost:3000/_next/static/chunks/0o.g_next_dist_12tw8g6._.js:2477
[  581596ms] [LOG] [Fast Refresh] done in 178ms @ http://localhost:3000/_next/static/chunks/0o.g_next_dist_12tw8g6._.js:2477
[  616689ms] [LOG] [Fast Refresh] rebuilding @ http://localhost:3000/_next/static/chunks/0o.g_next_dist_12tw8g6._.js:2477
[  616765ms] [LOG] [Fast Refresh] done in 176ms @ http://localhost:3000/_next/static/chunks/0o.g_next_dist_12tw8g6._.js:2477
[  621502ms] [LOG] [Fast Refresh] rebuilding @ http://localhost:3000/_next/static/chunks/0o.g_next_dist_12tw8g6._.js:2477
[  621543ms] [LOG] [Fast Refresh] done in 144ms @ http://localhost:3000/_next/static/chunks/0o.g_next_dist_12tw8g6._.js:2477
[  671691ms] [LOG] [Fast Refresh] rebuilding @ http://localhost:3000/_next/static/chunks/0o.g_next_dist_12tw8g6._.js:2477
[  671810ms] [LOG] [Fast Refresh] done in 220ms @ http://localhost:3000/_next/static/chunks/0o.g_next_dist_12tw8g6._.js:2477
[  691526ms] [LOG] [Fast Refresh] rebuilding @ http://localhost:3000/_next/static/chunks/0o.g_next_dist_12tw8g6._.js:2477
[  691535ms] [LOG] [Fast Refresh] done in 126ms @ http://localhost:3000/_next/static/chunks/0o.g_next_dist_12tw8g6._.js:2477
[  696508ms] [LOG] [Fast Refresh] rebuilding @ http://localhost:3000/_next/static/chunks/0o.g_next_dist_12tw8g6._.js:2477
[  696545ms] [LOG] [Fast Refresh] done in 139ms @ http://localhost:3000/_next/static/chunks/0o.g_next_dist_12tw8g6._.js:2477
[  716675ms] [LOG] [Fast Refresh] rebuilding @ http://localhost:3000/_next/static/chunks/0o.g_next_dist_12tw8g6._.js:2477
[  716774ms] [LOG] [Fast Refresh] done in 199ms @ http://localhost:3000/_next/static/chunks/0o.g_next_dist_12tw8g6._.js:2477
[  761542ms] [LOG] [Fast Refresh] rebuilding @ http://localhost:3000/_next/static/chunks/0o.g_next_dist_12tw8g6._.js:2477
[  761578ms] [LOG] [Fast Refresh] done in 169ms @ http://localhost:3000/_next/static/chunks/0o.g_next_dist_12tw8g6._.js:2477
[  771507ms] [LOG] [Fast Refresh] rebuilding @ http://localhost:3000/_next/static/chunks/0o.g_next_dist_12tw8g6._.js:2477
[  771579ms] [LOG] [Fast Refresh] done in 172ms @ http://localhost:3000/_next/static/chunks/0o.g_next_dist_12tw8g6._.js:2477
[  776502ms] [LOG] [Fast Refresh] rebuilding @ http://localhost:3000/_next/static/chunks/0o.g_next_dist_12tw8g6._.js:2477
[  776539ms] [LOG] [Fast Refresh] done in 137ms @ http://localhost:3000/_next/static/chunks/0o.g_next_dist_12tw8g6._.js:2477
[  781537ms] [LOG] [Fast Refresh] rebuilding @ http://localhost:3000/_next/static/chunks/0o.g_next_dist_12tw8g6._.js:2477
[  781555ms] [LOG] [Fast Refresh] done in 141ms @ http://localhost:3000/_next/static/chunks/0o.g_next_dist_12tw8g6._.js:2477
[  791510ms] [LOG] [Fast Refresh] rebuilding @ http://localhost:3000/_next/static/chunks/0o.g_next_dist_12tw8g6._.js:2477
[  791557ms] [LOG] [Fast Refresh] done in 147ms @ http://localhost:3000/_next/static/chunks/0o.g_next_dist_12tw8g6._.js:2477
[  801540ms] [LOG] [Fast Refresh] rebuilding @ http://localhost:3000/_next/static/chunks/0o.g_next_dist_12tw8g6._.js:2477
[  801632ms] [LOG] [Fast Refresh] done in 223ms @ http://localhost:3000/_next/static/chunks/0o.g_next_dist_12tw8g6._.js:2477
[  831538ms] [LOG] [Fast Refresh] rebuilding @ http://localhost:3000/_next/static/chunks/0o.g_next_dist_12tw8g6._.js:2477
[  831578ms] [LOG] [Fast Refresh] done in 140ms @ http://localhost:3000/_next/static/chunks/0o.g_next_dist_12tw8g6._.js:2477
[  841778ms] [LOG] [Fast Refresh] rebuilding @ http://localhost:3000/_next/static/chunks/0o.g_next_dist_12tw8g6._.js:2477
[  841936ms] [LOG] [Fast Refresh] done in 258ms @ http://localhost:3000/_next/static/chunks/0o.g_next_dist_12tw8g6._.js:2477
[  851618ms] [LOG] [Fast Refresh] rebuilding @ http://localhost:3000/_next/static/chunks/0o.g_next_dist_12tw8g6._.js:2477
[  851618ms] [LOG] [Fast Refresh] done in 140ms @ http://localhost:3000/_next/static/chunks/0o.g_next_dist_12tw8g6._.js:2477
[  856638ms] [LOG] [Fast Refresh] rebuilding @ http://localhost:3000/_next/static/chunks/0o.g_next_dist_12tw8g6._.js:2477
[  856717ms] [LOG] [Fast Refresh] done in 219ms @ http://localhost:3000/_next/static/chunks/0o.g_next_dist_12tw8g6._.js:2477
[  866527ms] [LOG] [Fast Refresh] rebuilding @ http://localhost:3000/_next/static/chunks/0o.g_next_dist_12tw8g6._.js:2477
[  866624ms] [LOG] [Fast Refresh] done in 203ms @ http://localhost:3000/_next/static/chunks/0o.g_next_dist_12tw8g6._.js:2477
[  876519ms] [LOG] [Fast Refresh] rebuilding @ http://localhost:3000/_next/static/chunks/0o.g_next_dist_12tw8g6._.js:2477
[  876647ms] [LOG] [Fast Refresh] done in 228ms @ http://localhost:3000/_next/static/chunks/0o.g_next_dist_12tw8g6._.js:2477
[  911625ms] [LOG] [Fast Refresh] rebuilding @ http://localhost:3000/_next/static/chunks/0o.g_next_dist_12tw8g6._.js:2477
[  911758ms] [LOG] [Fast Refresh] done in 234ms @ http://localhost:3000/_next/static/chunks/0o.g_next_dist_12tw8g6._.js:2477
[  911886ms] [LOG] [Fast Refresh] rebuilding @ http://localhost:3000/_next/static/chunks/0o.g_next_dist_12tw8g6._.js:2477
[  911940ms] [LOG] [Fast Refresh] done in 157ms @ http://localhost:3000/_next/static/chunks/0o.g_next_dist_12tw8g6._.js:2477
[  916521ms] [LOG] [Fast Refresh] rebuilding @ http://localhost:3000/_next/static/chunks/0o.g_next_dist_12tw8g6._.js:2477
[  916587ms] [LOG] [Fast Refresh] done in 169ms @ http://localhost:3000/_next/static/chunks/0o.g_next_dist_12tw8g6._.js:2477
[  936600ms] [LOG] [Fast Refresh] rebuilding @ http://localhost:3000/_next/static/chunks/0o.g_next_dist_12tw8g6._.js:2477
[  936686ms] [LOG] [Fast Refresh] done in 188ms @ http://localhost:3000/_next/static/chunks/0o.g_next_dist_12tw8g6._.js:2477
[  951527ms] [LOG] [Fast Refresh] rebuilding @ http://localhost:3000/_next/static/chunks/0o.g_next_dist_12tw8g6._.js:2477
[  951613ms] [LOG] [Fast Refresh] done in 188ms @ http://localhost:3000/_next/static/chunks/0o.g_next_dist_12tw8g6._.js:2477
[  961535ms] [LOG] [Fast Refresh] rebuilding @ http://localhost:3000/_next/static/chunks/0o.g_next_dist_12tw8g6._.js:2477
[  961544ms] [LOG] [Fast Refresh] done in 122ms @ http://localhost:3000/_next/static/chunks/0o.g_next_dist_12tw8g6._.js:2477
[  966528ms] [LOG] [Fast Refresh] rebuilding @ http://localhost:3000/_next/static/chunks/0o.g_next_dist_12tw8g6._.js:2477
[  966668ms] [LOG] [Fast Refresh] done in 255ms @ http://localhost:3000/_next/static/chunks/0o.g_next_dist_12tw8g6._.js:2477
[  986522ms] [LOG] [Fast Refresh] rebuilding @ http://localhost:3000/_next/static/chunks/0o.g_next_dist_12tw8g6._.js:2477
[  986608ms] [LOG] [Fast Refresh] done in 185ms @ http://localhost:3000/_next/static/chunks/0o.g_next_dist_12tw8g6._.js:2477
[ 1066537ms] [LOG] [Fast Refresh] rebuilding @ http://localhost:3000/_next/static/chunks/0o.g_next_dist_12tw8g6._.js:2477
[ 1066621ms] [LOG] [Fast Refresh] done in 202ms @ http://localhost:3000/_next/static/chunks/0o.g_next_dist_12tw8g6._.js:2477
[ 1071531ms] [LOG] [Fast Refresh] rebuilding @ http://localhost:3000/_next/static/chunks/0o.g_next_dist_12tw8g6._.js:2477
[ 1071550ms] [LOG] [Fast Refresh] done in 128ms @ http://localhost:3000/_next/static/chunks/0o.g_next_dist_12tw8g6._.js:2477
[ 1086596ms] [LOG] [Fast Refresh] rebuilding @ http://localhost:3000/_next/static/chunks/0o.g_next_dist_12tw8g6._.js:2477
[ 1086662ms] [LOG] [Fast Refresh] done in 189ms @ http://localhost:3000/_next/static/chunks/0o.g_next_dist_12tw8g6._.js:2477
[ 1101642ms] [LOG] [Fast Refresh] rebuilding @ http://localhost:3000/_next/static/chunks/0o.g_next_dist_12tw8g6._.js:2477
[ 1101647ms] [LOG] [Fast Refresh] done in 131ms @ http://localhost:3000/_next/static/chunks/0o.g_next_dist_12tw8g6._.js:2477
[ 1141547ms] [LOG] [Fast Refresh] rebuilding @ http://localhost:3000/_next/static/chunks/0o.g_next_dist_12tw8g6._.js:2477
[ 1141595ms] [LOG] [Fast Refresh] done in 181ms @ http://localhost:3000/_next/static/chunks/0o.g_next_dist_12tw8g6._.js:2477
[ 1156704ms] [LOG] [Fast Refresh] rebuilding @ http://localhost:3000/_next/static/chunks/0o.g_next_dist_12tw8g6._.js:2477
[ 1156812ms] [LOG] [Fast Refresh] done in 208ms @ http://localhost:3000/_next/static/chunks/0o.g_next_dist_12tw8g6._.js:2477
[ 1176592ms] [LOG] [Fast Refresh] rebuilding @ http://localhost:3000/_next/static/chunks/0o.g_next_dist_12tw8g6._.js:2477
[ 1176664ms] [LOG] [Fast Refresh] done in 177ms @ http://localhost:3000/_next/static/chunks/0o.g_next_dist_12tw8g6._.js:2477
[ 1196513ms] [LOG] [Fast Refresh] rebuilding @ http://localhost:3000/_next/static/chunks/0o.g_next_dist_12tw8g6._.js:2477
[ 1196679ms] [LOG] [Fast Refresh] done in 267ms @ http://localhost:3000/_next/static/chunks/0o.g_next_dist_12tw8g6._.js:2477
[ 1216622ms] [LOG] [Fast Refresh] rebuilding @ http://localhost:3000/_next/static/chunks/0o.g_next_dist_12tw8g6._.js:2477
[ 1216653ms] [LOG] [Fast Refresh] done in 144ms @ http://localhost:3000/_next/static/chunks/0o.g_next_dist_12tw8g6._.js:2477
[ 1236604ms] [LOG] [Fast Refresh] rebuilding @ http://localhost:3000/_next/static/chunks/0o.g_next_dist_12tw8g6._.js:2477
[ 1236670ms] [LOG] [Fast Refresh] done in 194ms @ http://localhost:3000/_next/static/chunks/0o.g_next_dist_12tw8g6._.js:2477
[ 1256592ms] [LOG] [Fast Refresh] rebuilding @ http://localhost:3000/_next/static/chunks/0o.g_next_dist_12tw8g6._.js:2477
[ 1256640ms] [LOG] [Fast Refresh] done in 175ms @ http://localhost:3000/_next/static/chunks/0o.g_next_dist_12tw8g6._.js:2477
[ 1261491ms] [LOG] [Fast Refresh] rebuilding @ http://localhost:3000/_next/static/chunks/0o.g_next_dist_12tw8g6._.js:2477
[ 1261529ms] [LOG] [Fast Refresh] done in 138ms @ http://localhost:3000/_next/static/chunks/0o.g_next_dist_12tw8g6._.js:2477
[ 1271615ms] [LOG] [Fast Refresh] rebuilding @ http://localhost:3000/_next/static/chunks/0o.g_next_dist_12tw8g6._.js:2477
[ 1271830ms] [LOG] [Fast Refresh] done in 314ms @ http://localhost:3000/_next/static/chunks/0o.g_next_dist_12tw8g6._.js:2477
[ 1291510ms] [LOG] [Fast Refresh] rebuilding @ http://localhost:3000/_next/static/chunks/0o.g_next_dist_12tw8g6._.js:2477
[ 1291607ms] [LOG] [Fast Refresh] done in 206ms @ http://localhost:3000/_next/static/chunks/0o.g_next_dist_12tw8g6._.js:2477
[ 1316650ms] [LOG] [Fast Refresh] rebuilding @ http://localhost:3000/_next/static/chunks/0o.g_next_dist_12tw8g6._.js:2477
[ 1316780ms] [LOG] [Fast Refresh] done in 231ms @ http://localhost:3000/_next/static/chunks/0o.g_next_dist_12tw8g6._.js:2477
[ 1326514ms] [LOG] [Fast Refresh] rebuilding @ http://localhost:3000/_next/static/chunks/0o.g_next_dist_12tw8g6._.js:2477
[ 1326514ms] [LOG] [Fast Refresh] done in 106ms @ http://localhost:3000/_next/static/chunks/0o.g_next_dist_12tw8g6._.js:2477
[ 1341517ms] [LOG] [Fast Refresh] rebuilding @ http://localhost:3000/_next/static/chunks/0o.g_next_dist_12tw8g6._.js:2477
[ 1341600ms] [LOG] [Fast Refresh] done in 194ms @ http://localhost:3000/_next/static/chunks/0o.g_next_dist_12tw8g6._.js:2477
[ 1356522ms] [LOG] [Fast Refresh] rebuilding @ http://localhost:3000/_next/static/chunks/0o.g_next_dist_12tw8g6._.js:2477
[ 1356522ms] [LOG] [Fast Refresh] done in 116ms @ http://localhost:3000/_next/static/chunks/0o.g_next_dist_12tw8g6._.js:2477
[ 1381521ms] [LOG] [Fast Refresh] rebuilding @ http://localhost:3000/_next/static/chunks/0o.g_next_dist_12tw8g6._.js:2477
[ 1381539ms] [LOG] [Fast Refresh] done in 131ms @ http://localhost:3000/_next/static/chunks/0o.g_next_dist_12tw8g6._.js:2477
[ 1416510ms] [LOG] [Fast Refresh] rebuilding @ http://localhost:3000/_next/static/chunks/0o.g_next_dist_12tw8g6._.js:2477
[ 1416512ms] [LOG] [Fast Refresh] done in 105ms @ http://localhost:3000/_next/static/chunks/0o.g_next_dist_12tw8g6._.js:2477
[ 1431522ms] [LOG] [Fast Refresh] rebuilding @ http://localhost:3000/_next/static/chunks/0o.g_next_dist_12tw8g6._.js:2477
[ 1431523ms] [LOG] [Fast Refresh] done in 115ms @ http://localhost:3000/_next/static/chunks/0o.g_next_dist_12tw8g6._.js:2477
[ 1476513ms] [LOG] [Fast Refresh] rebuilding @ http://localhost:3000/_next/static/chunks/0o.g_next_dist_12tw8g6._.js:2477
[ 1476542ms] [LOG] [Fast Refresh] done in 134ms @ http://localhost:3000/_next/static/chunks/0o.g_next_dist_12tw8g6._.js:2477
[ 1521507ms] [LOG] [Fast Refresh] rebuilding @ http://localhost:3000/_next/static/chunks/0o.g_next_dist_12tw8g6._.js:2477
[ 1521566ms] [LOG] [Fast Refresh] done in 158ms @ http://localhost:3000/_next/static/chunks/0o.g_next_dist_12tw8g6._.js:2477
[ 1656517ms] [LOG] [Fast Refresh] rebuilding @ http://localhost:3000/_next/static/chunks/0o.g_next_dist_12tw8g6._.js:2477
[ 1656518ms] [LOG] [Fast Refresh] done in 111ms @ http://localhost:3000/_next/static/chunks/0o.g_next_dist_12tw8g6._.js:2477
[ 1701506ms] [LOG] [Fast Refresh] rebuilding @ http://localhost:3000/_next/static/chunks/0o.g_next_dist_12tw8g6._.js:2477
[ 1701566ms] [LOG] [Fast Refresh] done in 160ms @ http://localhost:3000/_next/static/chunks/0o.g_next_dist_12tw8g6._.js:2477
[ 1716507ms] [LOG] [Fast Refresh] rebuilding @ http://localhost:3000/_next/static/chunks/0o.g_next_dist_12tw8g6._.js:2477
[ 1716530ms] [LOG] [Fast Refresh] done in 123ms @ http://localhost:3000/_next/static/chunks/0o.g_next_dist_12tw8g6._.js:2477
[ 1761531ms] [LOG] [Fast Refresh] rebuilding @ http://localhost:3000/_next/static/chunks/0o.g_next_dist_12tw8g6._.js:2477
[ 1761531ms] [LOG] [Fast Refresh] done in 125ms @ http://localhost:3000/_next/static/chunks/0o.g_next_dist_12tw8g6._.js:2477
[ 1776512ms] [LOG] [Fast Refresh] rebuilding @ http://localhost:3000/_next/static/chunks/0o.g_next_dist_12tw8g6._.js:2477
[ 1776540ms] [LOG] [Fast Refresh] done in 133ms @ http://localhost:3000/_next/static/chunks/0o.g_next_dist_12tw8g6._.js:2477
[ 1791511ms] [LOG] [Fast Refresh] rebuilding @ http://localhost:3000/_next/static/chunks/0o.g_next_dist_12tw8g6._.js:2477
[ 1791513ms] [LOG] [Fast Refresh] done in 107ms @ http://localhost:3000/_next/static/chunks/0o.g_next_dist_12tw8g6._.js:2477
[ 1806522ms] [LOG] [Fast Refresh] rebuilding @ http://localhost:3000/_next/static/chunks/0o.g_next_dist_12tw8g6._.js:2477
[ 1806522ms] [LOG] [Fast Refresh] done in 115ms @ http://localhost:3000/_next/static/chunks/0o.g_next_dist_12tw8g6._.js:2477
[ 1836528ms] [LOG] [Fast Refresh] rebuilding @ http://localhost:3000/_next/static/chunks/0o.g_next_dist_12tw8g6._.js:2477
[ 1836531ms] [LOG] [Fast Refresh] done in 124ms @ http://localhost:3000/_next/static/chunks/0o.g_next_dist_12tw8g6._.js:2477
[ 1881520ms] [LOG] [Fast Refresh] rebuilding @ http://localhost:3000/_next/static/chunks/0o.g_next_dist_12tw8g6._.js:2477
[ 1881567ms] [LOG] [Fast Refresh] done in 148ms @ http://localhost:3000/_next/static/chunks/0o.g_next_dist_12tw8g6._.js:2477
[ 1896539ms] [LOG] [Fast Refresh] rebuilding @ http://localhost:3000/_next/static/chunks/0o.g_next_dist_12tw8g6._.js:2477
[ 1896542ms] [LOG] [Fast Refresh] done in 136ms @ http://localhost:3000/_next/static/chunks/0o.g_next_dist_12tw8g6._.js:2477
[ 1906517ms] [LOG] [Fast Refresh] rebuilding @ http://localhost:3000/_next/static/chunks/0o.g_next_dist_12tw8g6._.js:2477
[ 1906601ms] [LOG] [Fast Refresh] done in 194ms @ http://localhost:3000/_next/static/chunks/0o.g_next_dist_12tw8g6._.js:2477
[ 1911512ms] [LOG] [Fast Refresh] rebuilding @ http://localhost:3000/_next/static/chunks/0o.g_next_dist_12tw8g6._.js:2477
[ 1911515ms] [LOG] [Fast Refresh] done in 103ms @ http://localhost:3000/_next/static/chunks/0o.g_next_dist_12tw8g6._.js:2477
[ 1926530ms] [LOG] [Fast Refresh] rebuilding @ http://localhost:3000/_next/static/chunks/0o.g_next_dist_12tw8g6._.js:2477
[ 1926531ms] [LOG] [Fast Refresh] done in 124ms @ http://localhost:3000/_next/static/chunks/0o.g_next_dist_12tw8g6._.js:2477
[ 1956528ms] [LOG] [Fast Refresh] rebuilding @ http://localhost:3000/_next/static/chunks/0o.g_next_dist_12tw8g6._.js:2477
[ 1956528ms] [LOG] [Fast Refresh] done in 120ms @ http://localhost:3000/_next/static/chunks/0o.g_next_dist_12tw8g6._.js:2477
[ 1986529ms] [LOG] [Fast Refresh] rebuilding @ http://localhost:3000/_next/static/chunks/0o.g_next_dist_12tw8g6._.js:2477
[ 1986534ms] [LOG] [Fast Refresh] done in 128ms @ http://localhost:3000/_next/static/chunks/0o.g_next_dist_12tw8g6._.js:2477
[ 2031516ms] [LOG] [Fast Refresh] rebuilding @ http://localhost:3000/_next/static/chunks/0o.g_next_dist_12tw8g6._.js:2477
[ 2031540ms] [LOG] [Fast Refresh] done in 133ms @ http://localhost:3000/_next/static/chunks/0o.g_next_dist_12tw8g6._.js:2477
[ 2061514ms] [LOG] [Fast Refresh] rebuilding @ http://localhost:3000/_next/static/chunks/0o.g_next_dist_12tw8g6._.js:2477
[ 2061537ms] [LOG] [Fast Refresh] done in 130ms @ http://localhost:3000/_next/static/chunks/0o.g_next_dist_12tw8g6._.js:2477
[ 2076511ms] [LOG] [Fast Refresh] rebuilding @ http://localhost:3000/_next/static/chunks/0o.g_next_dist_12tw8g6._.js:2477
[ 2076512ms] [LOG] [Fast Refresh] done in 105ms @ http://localhost:3000/_next/static/chunks/0o.g_next_dist_12tw8g6._.js:2477
[ 2136512ms] [LOG] [Fast Refresh] rebuilding @ http://localhost:3000/_next/static/chunks/0o.g_next_dist_12tw8g6._.js:2477
[ 2136535ms] [LOG] [Fast Refresh] done in 128ms @ http://localhost:3000/_next/static/chunks/0o.g_next_dist_12tw8g6._.js:2477
[ 2211508ms] [LOG] [Fast Refresh] rebuilding @ http://localhost:3000/_next/static/chunks/0o.g_next_dist_12tw8g6._.js:2477
[ 2211595ms] [LOG] [Fast Refresh] done in 189ms @ http://localhost:3000/_next/static/chunks/0o.g_next_dist_12tw8g6._.js:2477
[ 2226510ms] [LOG] [Fast Refresh] rebuilding @ http://localhost:3000/_next/static/chunks/0o.g_next_dist_12tw8g6._.js:2477
[ 2226514ms] [LOG] [Fast Refresh] done in 106ms @ http://localhost:3000/_next/static/chunks/0o.g_next_dist_12tw8g6._.js:2477
[ 2256508ms] [LOG] [Fast Refresh] rebuilding @ http://localhost:3000/_next/static/chunks/0o.g_next_dist_12tw8g6._.js:2477
[ 2256532ms] [LOG] [Fast Refresh] done in 125ms @ http://localhost:3000/_next/static/chunks/0o.g_next_dist_12tw8g6._.js:2477
[ 2301509ms] [LOG] [Fast Refresh] rebuilding @ http://localhost:3000/_next/static/chunks/0o.g_next_dist_12tw8g6._.js:2477
[ 2301526ms] [LOG] [Fast Refresh] done in 119ms @ http://localhost:3000/_next/static/chunks/0o.g_next_dist_12tw8g6._.js:2477
[ 2316174ms] [LOG] [Fast Refresh] rebuilding @ http://localhost:3000/_next/static/chunks/0o.g_next_dist_12tw8g6._.js:2477
[ 2316194ms] [LOG] [Fast Refresh] done in 119ms @ http://localhost:3000/_next/static/chunks/0o.g_next_dist_12tw8g6._.js:2477
[ 2316514ms] [LOG] [Fast Refresh] rebuilding @ http://localhost:3000/_next/static/chunks/0o.g_next_dist_12tw8g6._.js:2477
[ 2316515ms] [LOG] [Fast Refresh] done in 108ms @ http://localhost:3000/_next/static/chunks/0o.g_next_dist_12tw8g6._.js:2477
[ 2350310ms] [LOG] [Fast Refresh] rebuilding @ http://localhost:3000/_next/static/chunks/0o.g_next_dist_12tw8g6._.js:2477
[ 2350326ms] [LOG] [Fast Refresh] done in 115ms @ http://localhost:3000/_next/static/chunks/0o.g_next_dist_12tw8g6._.js:2477
[ 2372545ms] [LOG] [Fast Refresh] rebuilding @ http://localhost:3000/_next/static/chunks/0o.g_next_dist_12tw8g6._.js:2477
[ 2372639ms] [LOG] [Fast Refresh] done in 123ms @ http://localhost:3000/_next/static/chunks/0o.g_next_dist_12tw8g6._.js:2477
[ 2378513ms] [LOG] [Fast Refresh] rebuilding @ http://localhost:3000/_next/static/chunks/0o.g_next_dist_12tw8g6._.js:2477
[ 2378598ms] [LOG] [Fast Refresh] done in 111ms @ http://localhost:3000/_next/static/chunks/0o.g_next_dist_12tw8g6._.js:2477
[ 2386584ms] [LOG] [Fast Refresh] rebuilding @ http://localhost:3000/_next/static/chunks/0o.g_next_dist_12tw8g6._.js:2477
[ 2386602ms] [LOG] [Fast Refresh] done in 119ms @ http://localhost:3000/_next/static/chunks/0o.g_next_dist_12tw8g6._.js:2477
[ 2399451ms] [LOG] [Fast Refresh] rebuilding @ http://localhost:3000/_next/static/chunks/0o.g_next_dist_12tw8g6._.js:2477
[ 2399549ms] [LOG] [Fast Refresh] done in 149ms @ http://localhost:3000/_next/static/chunks/0o.g_next_dist_12tw8g6._.js:2477
[ 2406514ms] [LOG] [Fast Refresh] rebuilding @ http://localhost:3000/_next/static/chunks/0o.g_next_dist_12tw8g6._.js:2477
[ 2406531ms] [LOG] [Fast Refresh] done in 122ms @ http://localhost:3000/_next/static/chunks/0o.g_next_dist_12tw8g6._.js:2477
[ 2406804ms] [LOG] [Fast Refresh] rebuilding @ http://localhost:3000/_next/static/chunks/0o.g_next_dist_12tw8g6._.js:2477
[ 2406870ms] [LOG] [Fast Refresh] done in 128ms @ http://localhost:3000/_next/static/chunks/0o.g_next_dist_12tw8g6._.js:2477
[ 2436518ms] [LOG] [Fast Refresh] rebuilding @ http://localhost:3000/_next/static/chunks/0o.g_next_dist_12tw8g6._.js:2477
[ 2436545ms] [LOG] [Fast Refresh] done in 136ms @ http://localhost:3000/_next/static/chunks/0o.g_next_dist_12tw8g6._.js:2477
[ 2448694ms] [LOG] [Fast Refresh] rebuilding @ http://localhost:3000/_next/static/chunks/0o.g_next_dist_12tw8g6._.js:2477
[ 2449059ms] [LOG] [Fast Refresh] done in 378ms @ http://localhost:3000/_next/static/chunks/0o.g_next_dist_12tw8g6._.js:2477
[ 2466532ms] [LOG] [Fast Refresh] rebuilding @ http://localhost:3000/_next/static/chunks/0o.g_next_dist_12tw8g6._.js:2477
[ 2466533ms] [LOG] [Fast Refresh] done in 126ms @ http://localhost:3000/_next/static/chunks/0o.g_next_dist_12tw8g6._.js:2477
[ 2500168ms] [LOG] [Fast Refresh] rebuilding @ http://localhost:3000/_next/static/chunks/0o.g_next_dist_12tw8g6._.js:2477
[ 2500212ms] [LOG] [Fast Refresh] done in 145ms @ http://localhost:3000/_next/static/chunks/0o.g_next_dist_12tw8g6._.js:2477
[ 2511535ms] [LOG] [Fast Refresh] rebuilding @ http://localhost:3000/_next/static/chunks/0o.g_next_dist_12tw8g6._.js:2477
[ 2511536ms] [LOG] [Fast Refresh] done in 129ms @ http://localhost:3000/_next/static/chunks/0o.g_next_dist_12tw8g6._.js:2477
[ 2526066ms] [ERROR] Failed to load resource: the server responded with a status of 500 (Internal Server Error) @ http://localhost:3000/api/db/pg-stats?connectionId=55997454-ef35-459a-b892-5d4bce71fe2e:0
[ 2528079ms] [ERROR] Failed to load resource: the server responded with a status of 500 (Internal Server Error) @ http://localhost:3000/api/db/pg-stats?connectionId=55997454-ef35-459a-b892-5d4bce71fe2e:0
[ 2530068ms] [ERROR] Failed to load resource: the server responded with a status of 500 (Internal Server Error) @ http://localhost:3000/api/db/pg-stats?connectionId=55997454-ef35-459a-b892-5d4bce71fe2e:0
[ 2532066ms] [ERROR] Failed to load resource: the server responded with a status of 500 (Internal Server Error) @ http://localhost:3000/api/db/pg-stats?connectionId=55997454-ef35-459a-b892-5d4bce71fe2e:0
[ 2534069ms] [ERROR] Failed to load resource: the server responded with a status of 500 (Internal Server Error) @ http://localhost:3000/api/db/pg-stats?connectionId=55997454-ef35-459a-b892-5d4bce71fe2e:0
[ 2536067ms] [ERROR] Failed to load resource: the server responded with a status of 500 (Internal Server Error) @ http://localhost:3000/api/db/pg-stats?connectionId=55997454-ef35-459a-b892-5d4bce71fe2e:0
[ 2536519ms] [LOG] [Fast Refresh] rebuilding @ http://localhost:3000/_next/static/chunks/0o.g_next_dist_12tw8g6._.js:2477
[ 2536592ms] [LOG] [Fast Refresh] done in 179ms @ http://localhost:3000/_next/static/chunks/0o.g_next_dist_12tw8g6._.js:2477
[ 2538069ms] [ERROR] Failed to load resource: the server responded with a status of 500 (Internal Server Error) @ http://localhost:3000/api/db/pg-stats?connectionId=55997454-ef35-459a-b892-5d4bce71fe2e:0
[ 2540067ms] [ERROR] Failed to load resource: the server responded with a status of 500 (Internal Server Error) @ http://localhost:3000/api/db/pg-stats?connectionId=55997454-ef35-459a-b892-5d4bce71fe2e:0
[ 2542066ms] [ERROR] Failed to load resource: the server responded with a status of 500 (Internal Server Error) @ http://localhost:3000/api/db/pg-stats?connectionId=55997454-ef35-459a-b892-5d4bce71fe2e:0
[ 2544067ms] [ERROR] Failed to load resource: the server responded with a status of 500 (Internal Server Error) @ http://localhost:3000/api/db/pg-stats?connectionId=55997454-ef35-459a-b892-5d4bce71fe2e:0
[ 2546070ms] [ERROR] Failed to load resource: the server responded with a status of 500 (Internal Server Error) @ http://localhost:3000/api/db/pg-stats?connectionId=55997454-ef35-459a-b892-5d4bce71fe2e:0
[ 2548066ms] [ERROR] Failed to load resource: the server responded with a status of 500 (Internal Server Error) @ http://localhost:3000/api/db/pg-stats?connectionId=55997454-ef35-459a-b892-5d4bce71fe2e:0
[ 2550066ms] [ERROR] Failed to load resource: the server responded with a status of 500 (Internal Server Error) @ http://localhost:3000/api/db/pg-stats?connectionId=55997454-ef35-459a-b892-5d4bce71fe2e:0
[ 2552067ms] [ERROR] Failed to load resource: the server responded with a status of 500 (Internal Server Error) @ http://localhost:3000/api/db/pg-stats?connectionId=55997454-ef35-459a-b892-5d4bce71fe2e:0
[ 2554069ms] [ERROR] Failed to load resource: the server responded with a status of 500 (Internal Server Error) @ http://localhost:3000/api/db/pg-stats?connectionId=55997454-ef35-459a-b892-5d4bce71fe2e:0
[ 2556072ms] [ERROR] Failed to load resource: the server responded with a status of 500 (Internal Server Error) @ http://localhost:3000/api/db/pg-stats?connectionId=55997454-ef35-459a-b892-5d4bce71fe2e:0
[ 2558066ms] [ERROR] Failed to load resource: the server responded with a status of 500 (Internal Server Error) @ http://localhost:3000/api/db/pg-stats?connectionId=55997454-ef35-459a-b892-5d4bce71fe2e:0
[ 2560068ms] [ERROR] Failed to load resource: the server responded with a status of 500 (Internal Server Error) @ http://localhost:3000/api/db/pg-stats?connectionId=55997454-ef35-459a-b892-5d4bce71fe2e:0
[ 2562067ms] [ERROR] Failed to load resource: the server responded with a status of 500 (Internal Server Error) @ http://localhost:3000/api/db/pg-stats?connectionId=55997454-ef35-459a-b892-5d4bce71fe2e:0
[ 2564066ms] [ERROR] Failed to load resource: the server responded with a status of 500 (Internal Server Error) @ http://localhost:3000/api/db/pg-stats?connectionId=55997454-ef35-459a-b892-5d4bce71fe2e:0
[ 2566066ms] [ERROR] Failed to load resource: the server responded with a status of 500 (Internal Server Error) @ http://localhost:3000/api/db/pg-stats?connectionId=55997454-ef35-459a-b892-5d4bce71fe2e:0
[ 2568067ms] [ERROR] Failed to load resource: the server responded with a status of 500 (Internal Server Error) @ http://localhost:3000/api/db/pg-stats?connectionId=55997454-ef35-459a-b892-5d4bce71fe2e:0
[ 2570067ms] [ERROR] Failed to load resource: the server responded with a status of 500 (Internal Server Error) @ http://localhost:3000/api/db/pg-stats?connectionId=55997454-ef35-459a-b892-5d4bce71fe2e:0
[ 2572066ms] [ERROR] Failed to load resource: the server responded with a status of 500 (Internal Server Error) @ http://localhost:3000/api/db/pg-stats?connectionId=55997454-ef35-459a-b892-5d4bce71fe2e:0
[ 2574066ms] [ERROR] Failed to load resource: the server responded with a status of 500 (Internal Server Error) @ http://localhost:3000/api/db/pg-stats?connectionId=55997454-ef35-459a-b892-5d4bce71fe2e:0
[ 2576066ms] [ERROR] Failed to load resource: the server responded with a status of 500 (Internal Server Error) @ http://localhost:3000/api/db/pg-stats?connectionId=55997454-ef35-459a-b892-5d4bce71fe2e:0
[ 2576508ms] [LOG] [Fast Refresh] rebuilding @ http://localhost:3000/_next/static/chunks/0o.g_next_dist_12tw8g6._.js:2477
[ 2576531ms] [LOG] [Fast Refresh] done in 123ms @ http://localhost:3000/_next/static/chunks/0o.g_next_dist_12tw8g6._.js:2477
[ 2578074ms] [ERROR] Failed to load resource: the server responded with a status of 500 (Internal Server Error) @ http://localhost:3000/api/db/pg-stats?connectionId=55997454-ef35-459a-b892-5d4bce71fe2e:0
[ 2580066ms] [ERROR] Failed to load resource: the server responded with a status of 500 (Internal Server Error) @ http://localhost:3000/api/db/pg-stats?connectionId=55997454-ef35-459a-b892-5d4bce71fe2e:0
[ 2582071ms] [ERROR] Failed to load resource: the server responded with a status of 500 (Internal Server Error) @ http://localhost:3000/api/db/pg-stats?connectionId=55997454-ef35-459a-b892-5d4bce71fe2e:0
[ 2584071ms] [ERROR] Failed to load resource: the server responded with a status of 500 (Internal Server Error) @ http://localhost:3000/api/db/pg-stats?connectionId=55997454-ef35-459a-b892-5d4bce71fe2e:0
[ 2586069ms] [ERROR] Failed to load resource: the server responded with a status of 500 (Internal Server Error) @ http://localhost:3000/api/db/pg-stats?connectionId=55997454-ef35-459a-b892-5d4bce71fe2e:0
[ 2588440ms] [ERROR] Failed to load resource: the server responded with a status of 500 (Internal Server Error) @ http://localhost:3000/api/db/pg-stats?connectionId=55997454-ef35-459a-b892-5d4bce71fe2e:0
[ 2590115ms] [ERROR] Failed to load resource: the server responded with a status of 500 (Internal Server Error) @ http://localhost:3000/api/db/pg-stats?connectionId=55997454-ef35-459a-b892-5d4bce71fe2e:0
[ 2592107ms] [ERROR] Failed to load resource: the server responded with a status of 500 (Internal Server Error) @ http://localhost:3000/api/db/pg-stats?connectionId=55997454-ef35-459a-b892-5d4bce71fe2e:0
[ 2594096ms] [ERROR] Failed to load resource: the server responded with a status of 500 (Internal Server Error) @ http://localhost:3000/api/db/pg-stats?connectionId=55997454-ef35-459a-b892-5d4bce71fe2e:0
[ 2596108ms] [ERROR] Failed to load resource: the server responded with a status of 500 (Internal Server Error) @ http://localhost:3000/api/db/pg-stats?connectionId=55997454-ef35-459a-b892-5d4bce71fe2e:0
[ 2598094ms] [ERROR] Failed to load resource: the server responded with a status of 500 (Internal Server Error) @ http://localhost:3000/api/db/pg-stats?connectionId=55997454-ef35-459a-b892-5d4bce71fe2e:0
[ 2600096ms] [ERROR] Failed to load resource: the server responded with a status of 500 (Internal Server Error) @ http://localhost:3000/api/db/pg-stats?connectionId=55997454-ef35-459a-b892-5d4bce71fe2e:0
[ 2602100ms] [ERROR] Failed to load resource: the server responded with a status of 500 (Internal Server Error) @ http://localhost:3000/api/db/pg-stats?connectionId=55997454-ef35-459a-b892-5d4bce71fe2e:0
[ 2604101ms] [ERROR] Failed to load resource: the server responded with a status of 500 (Internal Server Error) @ http://localhost:3000/api/db/pg-stats?connectionId=55997454-ef35-459a-b892-5d4bce71fe2e:0
[ 2606095ms] [ERROR] Failed to load resource: the server responded with a status of 500 (Internal Server Error) @ http://localhost:3000/api/db/pg-stats?connectionId=55997454-ef35-459a-b892-5d4bce71fe2e:0
[ 2608097ms] [ERROR] Failed to load resource: the server responded with a status of 500 (Internal Server Error) @ http://localhost:3000/api/db/pg-stats?connectionId=55997454-ef35-459a-b892-5d4bce71fe2e:0
[ 2610110ms] [ERROR] Failed to load resource: the server responded with a status of 500 (Internal Server Error) @ http://localhost:3000/api/db/pg-stats?connectionId=55997454-ef35-459a-b892-5d4bce71fe2e:0
[ 2612099ms] [ERROR] Failed to load resource: the server responded with a status of 500 (Internal Server Error) @ http://localhost:3000/api/db/pg-stats?connectionId=55997454-ef35-459a-b892-5d4bce71fe2e:0
[ 2614151ms] [ERROR] Failed to load resource: the server responded with a status of 500 (Internal Server Error) @ http://localhost:3000/api/db/pg-stats?connectionId=55997454-ef35-459a-b892-5d4bce71fe2e:0
[ 2616105ms] [ERROR] Failed to load resource: the server responded with a status of 500 (Internal Server Error) @ http://localhost:3000/api/db/pg-stats?connectionId=55997454-ef35-459a-b892-5d4bce71fe2e:0
[ 2618087ms] [ERROR] Failed to load resource: the server responded with a status of 500 (Internal Server Error) @ http://localhost:3000/api/db/pg-stats?connectionId=55997454-ef35-459a-b892-5d4bce71fe2e:0
[ 2620092ms] [ERROR] Failed to load resource: the server responded with a status of 500 (Internal Server Error) @ http://localhost:3000/api/db/pg-stats?connectionId=55997454-ef35-459a-b892-5d4bce71fe2e:0
[ 2622066ms] [ERROR] Failed to load resource: the server responded with a status of 500 (Internal Server Error) @ http://localhost:3000/api/db/pg-stats?connectionId=55997454-ef35-459a-b892-5d4bce71fe2e:0
[ 2624067ms] [ERROR] Failed to load resource: the server responded with a status of 500 (Internal Server Error) @ http://localhost:3000/api/db/pg-stats?connectionId=55997454-ef35-459a-b892-5d4bce71fe2e:0
[ 2626067ms] [ERROR] Failed to load resource: the server responded with a status of 500 (Internal Server Error) @ http://localhost:3000/api/db/pg-stats?connectionId=55997454-ef35-459a-b892-5d4bce71fe2e:0
[ 2628067ms] [ERROR] Failed to load resource: the server responded with a status of 500 (Internal Server Error) @ http://localhost:3000/api/db/pg-stats?connectionId=55997454-ef35-459a-b892-5d4bce71fe2e:0
[ 2630070ms] [ERROR] Failed to load resource: the server responded with a status of 500 (Internal Server Error) @ http://localhost:3000/api/db/pg-stats?connectionId=55997454-ef35-459a-b892-5d4bce71fe2e:0
[ 2632067ms] [ERROR] Failed to load resource: the server responded with a status of 500 (Internal Server Error) @ http://localhost:3000/api/db/pg-stats?connectionId=55997454-ef35-459a-b892-5d4bce71fe2e:0
[ 2634067ms] [ERROR] Failed to load resource: the server responded with a status of 500 (Internal Server Error) @ http://localhost:3000/api/db/pg-stats?connectionId=55997454-ef35-459a-b892-5d4bce71fe2e:0
[ 2636067ms] [ERROR] Failed to load resource: the server responded with a status of 500 (Internal Server Error) @ http://localhost:3000/api/db/pg-stats?connectionId=55997454-ef35-459a-b892-5d4bce71fe2e:0
[ 2638069ms] [ERROR] Failed to load resource: the server responded with a status of 500 (Internal Server Error) @ http://localhost:3000/api/db/pg-stats?connectionId=55997454-ef35-459a-b892-5d4bce71fe2e:0
[ 2640067ms] [ERROR] Failed to load resource: the server responded with a status of 500 (Internal Server Error) @ http://localhost:3000/api/db/pg-stats?connectionId=55997454-ef35-459a-b892-5d4bce71fe2e:0
[ 2642067ms] [ERROR] Failed to load resource: the server responded with a status of 500 (Internal Server Error) @ http://localhost:3000/api/db/pg-stats?connectionId=55997454-ef35-459a-b892-5d4bce71fe2e:0
[ 2644067ms] [ERROR] Failed to load resource: the server responded with a status of 500 (Internal Server Error) @ http://localhost:3000/api/db/pg-stats?connectionId=55997454-ef35-459a-b892-5d4bce71fe2e:0
[ 2646066ms] [ERROR] Failed to load resource: the server responded with a status of 500 (Internal Server Error) @ http://localhost:3000/api/db/pg-stats?connectionId=55997454-ef35-459a-b892-5d4bce71fe2e:0
[ 2646509ms] [LOG] [Fast Refresh] rebuilding @ http://localhost:3000/_next/static/chunks/0o.g_next_dist_12tw8g6._.js:2477
[ 2646538ms] [LOG] [Fast Refresh] done in 130ms @ http://localhost:3000/_next/static/chunks/0o.g_next_dist_12tw8g6._.js:2477
[ 2648067ms] [ERROR] Failed to load resource: the server responded with a status of 500 (Internal Server Error) @ http://localhost:3000/api/db/pg-stats?connectionId=55997454-ef35-459a-b892-5d4bce71fe2e:0
[ 2650067ms] [ERROR] Failed to load resource: the server responded with a status of 500 (Internal Server Error) @ http://localhost:3000/api/db/pg-stats?connectionId=55997454-ef35-459a-b892-5d4bce71fe2e:0
[ 2652066ms] [ERROR] Failed to load resource: the server responded with a status of 500 (Internal Server Error) @ http://localhost:3000/api/db/pg-stats?connectionId=55997454-ef35-459a-b892-5d4bce71fe2e:0
[ 2654067ms] [ERROR] Failed to load resource: the server responded with a status of 500 (Internal Server Error) @ http://localhost:3000/api/db/pg-stats?connectionId=55997454-ef35-459a-b892-5d4bce71fe2e:0
[ 2656067ms] [ERROR] Failed to load resource: the server responded with a status of 500 (Internal Server Error) @ http://localhost:3000/api/db/pg-stats?connectionId=55997454-ef35-459a-b892-5d4bce71fe2e:0
[ 2658069ms] [ERROR] Failed to load resource: the server responded with a status of 500 (Internal Server Error) @ http://localhost:3000/api/db/pg-stats?connectionId=55997454-ef35-459a-b892-5d4bce71fe2e:0
[ 2660069ms] [ERROR] Failed to load resource: the server responded with a status of 500 (Internal Server Error) @ http://localhost:3000/api/db/pg-stats?connectionId=55997454-ef35-459a-b892-5d4bce71fe2e:0
[ 2662068ms] [ERROR] Failed to load resource: the server responded with a status of 500 (Internal Server Error) @ http://localhost:3000/api/db/pg-stats?connectionId=55997454-ef35-459a-b892-5d4bce71fe2e:0
[ 2664070ms] [ERROR] Failed to load resource: the server responded with a status of 500 (Internal Server Error) @ http://localhost:3000/api/db/pg-stats?connectionId=55997454-ef35-459a-b892-5d4bce71fe2e:0
[ 2666069ms] [ERROR] Failed to load resource: the server responded with a status of 500 (Internal Server Error) @ http://localhost:3000/api/db/pg-stats?connectionId=55997454-ef35-459a-b892-5d4bce71fe2e:0
[ 2668068ms] [ERROR] Failed to load resource: the server responded with a status of 500 (Internal Server Error) @ http://localhost:3000/api/db/pg-stats?connectionId=55997454-ef35-459a-b892-5d4bce71fe2e:0
[ 2670073ms] [ERROR] Failed to load resource: the server responded with a status of 500 (Internal Server Error) @ http://localhost:3000/api/db/pg-stats?connectionId=55997454-ef35-459a-b892-5d4bce71fe2e:0
[ 2672069ms] [ERROR] Failed to load resource: the server responded with a status of 500 (Internal Server Error) @ http://localhost:3000/api/db/pg-stats?connectionId=55997454-ef35-459a-b892-5d4bce71fe2e:0
[ 2674067ms] [ERROR] Failed to load resource: the server responded with a status of 500 (Internal Server Error) @ http://localhost:3000/api/db/pg-stats?connectionId=55997454-ef35-459a-b892-5d4bce71fe2e:0
[ 2676080ms] [ERROR] Failed to load resource: the server responded with a status of 500 (Internal Server Error) @ http://localhost:3000/api/db/pg-stats?connectionId=55997454-ef35-459a-b892-5d4bce71fe2e:0
[ 2676528ms] [LOG] [Fast Refresh] rebuilding @ http://localhost:3000/_next/static/chunks/0o.g_next_dist_12tw8g6._.js:2477
[ 2676532ms] [LOG] [Fast Refresh] done in 125ms @ http://localhost:3000/_next/static/chunks/0o.g_next_dist_12tw8g6._.js:2477
[ 2678068ms] [ERROR] Failed to load resource: the server responded with a status of 500 (Internal Server Error) @ http://localhost:3000/api/db/pg-stats?connectionId=55997454-ef35-459a-b892-5d4bce71fe2e:0
[ 2680068ms] [ERROR] Failed to load resource: the server responded with a status of 500 (Internal Server Error) @ http://localhost:3000/api/db/pg-stats?connectionId=55997454-ef35-459a-b892-5d4bce71fe2e:0
[ 2682067ms] [ERROR] Failed to load resource: the server responded with a status of 500 (Internal Server Error) @ http://localhost:3000/api/db/pg-stats?connectionId=55997454-ef35-459a-b892-5d4bce71fe2e:0
[ 2684067ms] [ERROR] Failed to load resource: the server responded with a status of 500 (Internal Server Error) @ http://localhost:3000/api/db/pg-stats?connectionId=55997454-ef35-459a-b892-5d4bce71fe2e:0
[ 2686066ms] [ERROR] Failed to load resource: the server responded with a status of 500 (Internal Server Error) @ http://localhost:3000/api/db/pg-stats?connectionId=55997454-ef35-459a-b892-5d4bce71fe2e:0
[ 2688068ms] [ERROR] Failed to load resource: the server responded with a status of 500 (Internal Server Error) @ http://localhost:3000/api/db/pg-stats?connectionId=55997454-ef35-459a-b892-5d4bce71fe2e:0
[ 2690068ms] [ERROR] Failed to load resource: the server responded with a status of 500 (Internal Server Error) @ http://localhost:3000/api/db/pg-stats?connectionId=55997454-ef35-459a-b892-5d4bce71fe2e:0
[ 2692066ms] [ERROR] Failed to load resource: the server responded with a status of 500 (Internal Server Error) @ http://localhost:3000/api/db/pg-stats?connectionId=55997454-ef35-459a-b892-5d4bce71fe2e:0
[ 2694069ms] [ERROR] Failed to load resource: the server responded with a status of 500 (Internal Server Error) @ http://localhost:3000/api/db/pg-stats?connectionId=55997454-ef35-459a-b892-5d4bce71fe2e:0
[ 2696070ms] [ERROR] Failed to load resource: the server responded with a status of 500 (Internal Server Error) @ http://localhost:3000/api/db/pg-stats?connectionId=55997454-ef35-459a-b892-5d4bce71fe2e:0
[ 2698067ms] [ERROR] Failed to load resource: the server responded with a status of 500 (Internal Server Error) @ http://localhost:3000/api/db/pg-stats?connectionId=55997454-ef35-459a-b892-5d4bce71fe2e:0
[ 2700068ms] [ERROR] Failed to load resource: the server responded with a status of 500 (Internal Server Error) @ http://localhost:3000/api/db/pg-stats?connectionId=55997454-ef35-459a-b892-5d4bce71fe2e:0
[ 2702069ms] [ERROR] Failed to load resource: the server responded with a status of 500 (Internal Server Error) @ http://localhost:3000/api/db/pg-stats?connectionId=55997454-ef35-459a-b892-5d4bce71fe2e:0
[ 2704066ms] [ERROR] Failed to load resource: the server responded with a status of 500 (Internal Server Error) @ http://localhost:3000/api/db/pg-stats?connectionId=55997454-ef35-459a-b892-5d4bce71fe2e:0
[ 2706067ms] [ERROR] Failed to load resource: the server responded with a status of 500 (Internal Server Error) @ http://localhost:3000/api/db/pg-stats?connectionId=55997454-ef35-459a-b892-5d4bce71fe2e:0
[ 2706528ms] [LOG] [Fast Refresh] rebuilding @ http://localhost:3000/_next/static/chunks/0o.g_next_dist_12tw8g6._.js:2477
[ 2706530ms] [LOG] [Fast Refresh] done in 123ms @ http://localhost:3000/_next/static/chunks/0o.g_next_dist_12tw8g6._.js:2477
[ 2708067ms] [ERROR] Failed to load resource: the server responded with a status of 500 (Internal Server Error) @ http://localhost:3000/api/db/pg-stats?connectionId=55997454-ef35-459a-b892-5d4bce71fe2e:0
[ 2710066ms] [ERROR] Failed to load resource: the server responded with a status of 500 (Internal Server Error) @ http://localhost:3000/api/db/pg-stats?connectionId=55997454-ef35-459a-b892-5d4bce71fe2e:0
[ 2712068ms] [ERROR] Failed to load resource: the server responded with a status of 500 (Internal Server Error) @ http://localhost:3000/api/db/pg-stats?connectionId=55997454-ef35-459a-b892-5d4bce71fe2e:0
[ 2714068ms] [ERROR] Failed to load resource: the server responded with a status of 500 (Internal Server Error) @ http://localhost:3000/api/db/pg-stats?connectionId=55997454-ef35-459a-b892-5d4bce71fe2e:0
[ 2716067ms] [ERROR] Failed to load resource: the server responded with a status of 500 (Internal Server Error) @ http://localhost:3000/api/db/pg-stats?connectionId=55997454-ef35-459a-b892-5d4bce71fe2e:0
[ 2718068ms] [ERROR] Failed to load resource: the server responded with a status of 500 (Internal Server Error) @ http://localhost:3000/api/db/pg-stats?connectionId=55997454-ef35-459a-b892-5d4bce71fe2e:0
[ 2720078ms] [ERROR] Failed to load resource: the server responded with a status of 500 (Internal Server Error) @ http://localhost:3000/api/db/pg-stats?connectionId=55997454-ef35-459a-b892-5d4bce71fe2e:0
[ 2722066ms] [ERROR] Failed to load resource: the server responded with a status of 500 (Internal Server Error) @ http://localhost:3000/api/db/pg-stats?connectionId=55997454-ef35-459a-b892-5d4bce71fe2e:0
[ 2724067ms] [ERROR] Failed to load resource: the server responded with a status of 500 (Internal Server Error) @ http://localhost:3000/api/db/pg-stats?connectionId=55997454-ef35-459a-b892-5d4bce71fe2e:0
[ 2726067ms] [ERROR] Failed to load resource: the server responded with a status of 500 (Internal Server Error) @ http://localhost:3000/api/db/pg-stats?connectionId=55997454-ef35-459a-b892-5d4bce71fe2e:0
[ 2728066ms] [ERROR] Failed to load resource: the server responded with a status of 500 (Internal Server Error) @ http://localhost:3000/api/db/pg-stats?connectionId=55997454-ef35-459a-b892-5d4bce71fe2e:0
[ 2730067ms] [ERROR] Failed to load resource: the server responded with a status of 500 (Internal Server Error) @ http://localhost:3000/api/db/pg-stats?connectionId=55997454-ef35-459a-b892-5d4bce71fe2e:0
[ 2732066ms] [ERROR] Failed to load resource: the server responded with a status of 500 (Internal Server Error) @ http://localhost:3000/api/db/pg-stats?connectionId=55997454-ef35-459a-b892-5d4bce71fe2e:0
[ 2734066ms] [ERROR] Failed to load resource: the server responded with a status of 500 (Internal Server Error) @ http://localhost:3000/api/db/pg-stats?connectionId=55997454-ef35-459a-b892-5d4bce71fe2e:0
[ 2736074ms] [ERROR] Failed to load resource: the server responded with a status of 500 (Internal Server Error) @ http://localhost:3000/api/db/pg-stats?connectionId=55997454-ef35-459a-b892-5d4bce71fe2e:0
[ 2738068ms] [ERROR] Failed to load resource: the server responded with a status of 500 (Internal Server Error) @ http://localhost:3000/api/db/pg-stats?connectionId=55997454-ef35-459a-b892-5d4bce71fe2e:0
[ 2740066ms] [ERROR] Failed to load resource: the server responded with a status of 500 (Internal Server Error) @ http://localhost:3000/api/db/pg-stats?connectionId=55997454-ef35-459a-b892-5d4bce71fe2e:0
[ 2742067ms] [ERROR] Failed to load resource: the server responded with a status of 500 (Internal Server Error) @ http://localhost:3000/api/db/pg-stats?connectionId=55997454-ef35-459a-b892-5d4bce71fe2e:0
[ 2744067ms] [ERROR] Failed to load resource: the server responded with a status of 500 (Internal Server Error) @ http://localhost:3000/api/db/pg-stats?connectionId=55997454-ef35-459a-b892-5d4bce71fe2e:0
[ 2746067ms] [ERROR] Failed to load resource: the server responded with a status of 500 (Internal Server Error) @ http://localhost:3000/api/db/pg-stats?connectionId=55997454-ef35-459a-b892-5d4bce71fe2e:0
[ 2748069ms] [ERROR] Failed to load resource: the server responded with a status of 500 (Internal Server Error) @ http://localhost:3000/api/db/pg-stats?connectionId=55997454-ef35-459a-b892-5d4bce71fe2e:0
[ 2750067ms] [ERROR] Failed to load resource: the server responded with a status of 500 (Internal Server Error) @ http://localhost:3000/api/db/pg-stats?connectionId=55997454-ef35-459a-b892-5d4bce71fe2e:0
[ 2752066ms] [ERROR] Failed to load resource: the server responded with a status of 500 (Internal Server Error) @ http://localhost:3000/api/db/pg-stats?connectionId=55997454-ef35-459a-b892-5d4bce71fe2e:0
[ 2754066ms] [ERROR] Failed to load resource: the server responded with a status of 500 (Internal Server Error) @ http://localhost:3000/api/db/pg-stats?connectionId=55997454-ef35-459a-b892-5d4bce71fe2e:0
[ 2756069ms] [ERROR] Failed to load resource: the server responded with a status of 500 (Internal Server Error) @ http://localhost:3000/api/db/pg-stats?connectionId=55997454-ef35-459a-b892-5d4bce71fe2e:0
[ 2758066ms] [ERROR] Failed to load resource: the server responded with a status of 500 (Internal Server Error) @ http://localhost:3000/api/db/pg-stats?connectionId=55997454-ef35-459a-b892-5d4bce71fe2e:0
[ 2760069ms] [ERROR] Failed to load resource: the server responded with a status of 500 (Internal Server Error) @ http://localhost:3000/api/db/pg-stats?connectionId=55997454-ef35-459a-b892-5d4bce71fe2e:0
[ 2762066ms] [ERROR] Failed to load resource: the server responded with a status of 500 (Internal Server Error) @ http://localhost:3000/api/db/pg-stats?connectionId=55997454-ef35-459a-b892-5d4bce71fe2e:0
[ 2764068ms] [ERROR] Failed to load resource: the server responded with a status of 500 (Internal Server Error) @ http://localhost:3000/api/db/pg-stats?connectionId=55997454-ef35-459a-b892-5d4bce71fe2e:0
[ 2766066ms] [ERROR] Failed to load resource: the server responded with a status of 500 (Internal Server Error) @ http://localhost:3000/api/db/pg-stats?connectionId=55997454-ef35-459a-b892-5d4bce71fe2e:0
[ 2768067ms] [ERROR] Failed to load resource: the server responded with a status of 500 (Internal Server Error) @ http://localhost:3000/api/db/pg-stats?connectionId=55997454-ef35-459a-b892-5d4bce71fe2e:0
[ 2770067ms] [ERROR] Failed to load resource: the server responded with a status of 500 (Internal Server Error) @ http://localhost:3000/api/db/pg-stats?connectionId=55997454-ef35-459a-b892-5d4bce71fe2e:0
[ 2772067ms] [ERROR] Failed to load resource: the server responded with a status of 500 (Internal Server Error) @ http://localhost:3000/api/db/pg-stats?connectionId=55997454-ef35-459a-b892-5d4bce71fe2e:0
[ 2774067ms] [ERROR] Failed to load resource: the server responded with a status of 500 (Internal Server Error) @ http://localhost:3000/api/db/pg-stats?connectionId=55997454-ef35-459a-b892-5d4bce71fe2e:0
[ 2776066ms] [ERROR] Failed to load resource: the server responded with a status of 500 (Internal Server Error) @ http://localhost:3000/api/db/pg-stats?connectionId=55997454-ef35-459a-b892-5d4bce71fe2e:0
[ 2778071ms] [ERROR] Failed to load resource: the server responded with a status of 500 (Internal Server Error) @ http://localhost:3000/api/db/pg-stats?connectionId=55997454-ef35-459a-b892-5d4bce71fe2e:0
[ 2780066ms] [ERROR] Failed to load resource: the server responded with a status of 500 (Internal Server Error) @ http://localhost:3000/api/db/pg-stats?connectionId=55997454-ef35-459a-b892-5d4bce71fe2e:0
[ 2782067ms] [ERROR] Failed to load resource: the server responded with a status of 500 (Internal Server Error) @ http://localhost:3000/api/db/pg-stats?connectionId=55997454-ef35-459a-b892-5d4bce71fe2e:0
[ 2784068ms] [ERROR] Failed to load resource: the server responded with a status of 500 (Internal Server Error) @ http://localhost:3000/api/db/pg-stats?connectionId=55997454-ef35-459a-b892-5d4bce71fe2e:0
[ 2786067ms] [ERROR] Failed to load resource: the server responded with a status of 500 (Internal Server Error) @ http://localhost:3000/api/db/pg-stats?connectionId=55997454-ef35-459a-b892-5d4bce71fe2e:0
[ 2788066ms] [ERROR] Failed to load resource: the server responded with a status of 500 (Internal Server Error) @ http://localhost:3000/api/db/pg-stats?connectionId=55997454-ef35-459a-b892-5d4bce71fe2e:0
[ 2790068ms] [ERROR] Failed to load resource: the server responded with a status of 500 (Internal Server Error) @ http://localhost:3000/api/db/pg-stats?connectionId=55997454-ef35-459a-b892-5d4bce71fe2e:0
[ 2792067ms] [ERROR] Failed to load resource: the server responded with a status of 500 (Internal Server Error) @ http://localhost:3000/api/db/pg-stats?connectionId=55997454-ef35-459a-b892-5d4bce71fe2e:0
[ 2794067ms] [ERROR] Failed to load resource: the server responded with a status of 500 (Internal Server Error) @ http://localhost:3000/api/db/pg-stats?connectionId=55997454-ef35-459a-b892-5d4bce71fe2e:0
[ 2796071ms] [ERROR] Failed to load resource: the server responded with a status of 500 (Internal Server Error) @ http://localhost:3000/api/db/pg-stats?connectionId=55997454-ef35-459a-b892-5d4bce71fe2e:0
[ 2796526ms] [LOG] [Fast Refresh] rebuilding @ http://localhost:3000/_next/static/chunks/0o.g_next_dist_12tw8g6._.js:2477
[ 2796550ms] [LOG] [Fast Refresh] done in 142ms @ http://localhost:3000/_next/static/chunks/0o.g_next_dist_12tw8g6._.js:2477
[ 2798070ms] [ERROR] Failed to load resource: the server responded with a status of 500 (Internal Server Error) @ http://localhost:3000/api/db/pg-stats?connectionId=55997454-ef35-459a-b892-5d4bce71fe2e:0
[ 2800066ms] [ERROR] Failed to load resource: the server responded with a status of 500 (Internal Server Error) @ http://localhost:3000/api/db/pg-stats?connectionId=55997454-ef35-459a-b892-5d4bce71fe2e:0
[ 2802068ms] [ERROR] Failed to load resource: the server responded with a status of 500 (Internal Server Error) @ http://localhost:3000/api/db/pg-stats?connectionId=55997454-ef35-459a-b892-5d4bce71fe2e:0
[ 2804068ms] [ERROR] Failed to load resource: the server responded with a status of 500 (Internal Server Error) @ http://localhost:3000/api/db/pg-stats?connectionId=55997454-ef35-459a-b892-5d4bce71fe2e:0
[ 2806067ms] [ERROR] Failed to load resource: the server responded with a status of 500 (Internal Server Error) @ http://localhost:3000/api/db/pg-stats?connectionId=55997454-ef35-459a-b892-5d4bce71fe2e:0
[ 2808074ms] [ERROR] Failed to load resource: the server responded with a status of 500 (Internal Server Error) @ http://localhost:3000/api/db/pg-stats?connectionId=55997454-ef35-459a-b892-5d4bce71fe2e:0
[ 2810067ms] [ERROR] Failed to load resource: the server responded with a status of 500 (Internal Server Error) @ http://localhost:3000/api/db/pg-stats?connectionId=55997454-ef35-459a-b892-5d4bce71fe2e:0
[ 2812067ms] [ERROR] Failed to load resource: the server responded with a status of 500 (Internal Server Error) @ http://localhost:3000/api/db/pg-stats?connectionId=55997454-ef35-459a-b892-5d4bce71fe2e:0
[ 2814067ms] [ERROR] Failed to load resource: the server responded with a status of 500 (Internal Server Error) @ http://localhost:3000/api/db/pg-stats?connectionId=55997454-ef35-459a-b892-5d4bce71fe2e:0
[ 2816067ms] [ERROR] Failed to load resource: the server responded with a status of 500 (Internal Server Error) @ http://localhost:3000/api/db/pg-stats?connectionId=55997454-ef35-459a-b892-5d4bce71fe2e:0
[ 2818067ms] [ERROR] Failed to load resource: the server responded with a status of 500 (Internal Server Error) @ http://localhost:3000/api/db/pg-stats?connectionId=55997454-ef35-459a-b892-5d4bce71fe2e:0
[ 2820067ms] [ERROR] Failed to load resource: the server responded with a status of 500 (Internal Server Error) @ http://localhost:3000/api/db/pg-stats?connectionId=55997454-ef35-459a-b892-5d4bce71fe2e:0
[ 2822067ms] [ERROR] Failed to load resource: the server responded with a status of 500 (Internal Server Error) @ http://localhost:3000/api/db/pg-stats?connectionId=55997454-ef35-459a-b892-5d4bce71fe2e:0
[ 2824068ms] [ERROR] Failed to load resource: the server responded with a status of 500 (Internal Server Error) @ http://localhost:3000/api/db/pg-stats?connectionId=55997454-ef35-459a-b892-5d4bce71fe2e:0
[ 2826067ms] [ERROR] Failed to load resource: the server responded with a status of 500 (Internal Server Error) @ http://localhost:3000/api/db/pg-stats?connectionId=55997454-ef35-459a-b892-5d4bce71fe2e:0
[ 2828067ms] [ERROR] Failed to load resource: the server responded with a status of 500 (Internal Server Error) @ http://localhost:3000/api/db/pg-stats?connectionId=55997454-ef35-459a-b892-5d4bce71fe2e:0
[ 2830067ms] [ERROR] Failed to load resource: the server responded with a status of 500 (Internal Server Error) @ http://localhost:3000/api/db/pg-stats?connectionId=55997454-ef35-459a-b892-5d4bce71fe2e:0
[ 2832069ms] [ERROR] Failed to load resource: the server responded with a status of 500 (Internal Server Error) @ http://localhost:3000/api/db/pg-stats?connectionId=55997454-ef35-459a-b892-5d4bce71fe2e:0
[ 2834067ms] [ERROR] Failed to load resource: the server responded with a status of 500 (Internal Server Error) @ http://localhost:3000/api/db/pg-stats?connectionId=55997454-ef35-459a-b892-5d4bce71fe2e:0
[ 2836069ms] [ERROR] Failed to load resource: the server responded with a status of 500 (Internal Server Error) @ http://localhost:3000/api/db/pg-stats?connectionId=55997454-ef35-459a-b892-5d4bce71fe2e:0
[ 2838066ms] [ERROR] Failed to load resource: the server responded with a status of 500 (Internal Server Error) @ http://localhost:3000/api/db/pg-stats?connectionId=55997454-ef35-459a-b892-5d4bce71fe2e:0
[ 2840067ms] [ERROR] Failed to load resource: the server responded with a status of 500 (Internal Server Error) @ http://localhost:3000/api/db/pg-stats?connectionId=55997454-ef35-459a-b892-5d4bce71fe2e:0
[ 2841509ms] [LOG] [Fast Refresh] rebuilding @ http://localhost:3000/_next/static/chunks/0o.g_next_dist_12tw8g6._.js:2477
[ 2841538ms] [LOG] [Fast Refresh] done in 131ms @ http://localhost:3000/_next/static/chunks/0o.g_next_dist_12tw8g6._.js:2477
[ 2842069ms] [ERROR] Failed to load resource: the server responded with a status of 500 (Internal Server Error) @ http://localhost:3000/api/db/pg-stats?connectionId=55997454-ef35-459a-b892-5d4bce71fe2e:0
[ 2844068ms] [ERROR] Failed to load resource: the server responded with a status of 500 (Internal Server Error) @ http://localhost:3000/api/db/pg-stats?connectionId=55997454-ef35-459a-b892-5d4bce71fe2e:0
[ 2846067ms] [ERROR] Failed to load resource: the server responded with a status of 500 (Internal Server Error) @ http://localhost:3000/api/db/pg-stats?connectionId=55997454-ef35-459a-b892-5d4bce71fe2e:0
[ 2848066ms] [ERROR] Failed to load resource: the server responded with a status of 500 (Internal Server Error) @ http://localhost:3000/api/db/pg-stats?connectionId=55997454-ef35-459a-b892-5d4bce71fe2e:0
[ 2850066ms] [ERROR] Failed to load resource: the server responded with a status of 500 (Internal Server Error) @ http://localhost:3000/api/db/pg-stats?connectionId=55997454-ef35-459a-b892-5d4bce71fe2e:0
[ 2852068ms] [ERROR] Failed to load resource: the server responded with a status of 500 (Internal Server Error) @ http://localhost:3000/api/db/pg-stats?connectionId=55997454-ef35-459a-b892-5d4bce71fe2e:0
[ 2854068ms] [ERROR] Failed to load resource: the server responded with a status of 500 (Internal Server Error) @ http://localhost:3000/api/db/pg-stats?connectionId=55997454-ef35-459a-b892-5d4bce71fe2e:0
[ 2856068ms] [ERROR] Failed to load resource: the server responded with a status of 500 (Internal Server Error) @ http://localhost:3000/api/db/pg-stats?connectionId=55997454-ef35-459a-b892-5d4bce71fe2e:0
[ 2858067ms] [ERROR] Failed to load resource: the server responded with a status of 500 (Internal Server Error) @ http://localhost:3000/api/db/pg-stats?connectionId=55997454-ef35-459a-b892-5d4bce71fe2e:0
[ 2860069ms] [ERROR] Failed to load resource: the server responded with a status of 500 (Internal Server Error) @ http://localhost:3000/api/db/pg-stats?connectionId=55997454-ef35-459a-b892-5d4bce71fe2e:0
[ 2862067ms] [ERROR] Failed to load resource: the server responded with a status of 500 (Internal Server Error) @ http://localhost:3000/api/db/pg-stats?connectionId=55997454-ef35-459a-b892-5d4bce71fe2e:0
[ 2864070ms] [ERROR] Failed to load resource: the server responded with a status of 500 (Internal Server Error) @ http://localhost:3000/api/db/pg-stats?connectionId=55997454-ef35-459a-b892-5d4bce71fe2e:0
[ 2866068ms] [ERROR] Failed to load resource: the server responded with a status of 500 (Internal Server Error) @ http://localhost:3000/api/db/pg-stats?connectionId=55997454-ef35-459a-b892-5d4bce71fe2e:0
[ 2868074ms] [ERROR] Failed to load resource: the server responded with a status of 500 (Internal Server Error) @ http://localhost:3000/api/db/pg-stats?connectionId=55997454-ef35-459a-b892-5d4bce71fe2e:0
[ 2870067ms] [ERROR] Failed to load resource: the server responded with a status of 500 (Internal Server Error) @ http://localhost:3000/api/db/pg-stats?connectionId=55997454-ef35-459a-b892-5d4bce71fe2e:0
[ 2872069ms] [ERROR] Failed to load resource: the server responded with a status of 500 (Internal Server Error) @ http://localhost:3000/api/db/pg-stats?connectionId=55997454-ef35-459a-b892-5d4bce71fe2e:0
[ 2874068ms] [ERROR] Failed to load resource: the server responded with a status of 500 (Internal Server Error) @ http://localhost:3000/api/db/pg-stats?connectionId=55997454-ef35-459a-b892-5d4bce71fe2e:0
[ 2876067ms] [ERROR] Failed to load resource: the server responded with a status of 500 (Internal Server Error) @ http://localhost:3000/api/db/pg-stats?connectionId=55997454-ef35-459a-b892-5d4bce71fe2e:0
[ 2878071ms] [ERROR] Failed to load resource: the server responded with a status of 500 (Internal Server Error) @ http://localhost:3000/api/db/pg-stats?connectionId=55997454-ef35-459a-b892-5d4bce71fe2e:0
[ 2880067ms] [ERROR] Failed to load resource: the server responded with a status of 500 (Internal Server Error) @ http://localhost:3000/api/db/pg-stats?connectionId=55997454-ef35-459a-b892-5d4bce71fe2e:0
[ 2882067ms] [ERROR] Failed to load resource: the server responded with a status of 500 (Internal Server Error) @ http://localhost:3000/api/db/pg-stats?connectionId=55997454-ef35-459a-b892-5d4bce71fe2e:0
[ 2884068ms] [ERROR] Failed to load resource: the server responded with a status of 500 (Internal Server Error) @ http://localhost:3000/api/db/pg-stats?connectionId=55997454-ef35-459a-b892-5d4bce71fe2e:0
[ 2886066ms] [ERROR] Failed to load resource: the server responded with a status of 500 (Internal Server Error) @ http://localhost:3000/api/db/pg-stats?connectionId=55997454-ef35-459a-b892-5d4bce71fe2e:0
[ 2886520ms] [LOG] [Fast Refresh] rebuilding @ http://localhost:3000/_next/static/chunks/0o.g_next_dist_12tw8g6._.js:2477
[ 2886524ms] [LOG] [Fast Refresh] done in 117ms @ http://localhost:3000/_next/static/chunks/0o.g_next_dist_12tw8g6._.js:2477
[ 2888067ms] [ERROR] Failed to load resource: the server responded with a status of 500 (Internal Server Error) @ http://localhost:3000/api/db/pg-stats?connectionId=55997454-ef35-459a-b892-5d4bce71fe2e:0
[ 2890068ms] [ERROR] Failed to load resource: the server responded with a status of 500 (Internal Server Error) @ http://localhost:3000/api/db/pg-stats?connectionId=55997454-ef35-459a-b892-5d4bce71fe2e:0
[ 2892100ms] [ERROR] Failed to load resource: the server responded with a status of 500 (Internal Server Error) @ http://localhost:3000/api/db/pg-stats?connectionId=55997454-ef35-459a-b892-5d4bce71fe2e:0
[ 2894066ms] [ERROR] Failed to load resource: the server responded with a status of 500 (Internal Server Error) @ http://localhost:3000/api/db/pg-stats?connectionId=55997454-ef35-459a-b892-5d4bce71fe2e:0
[ 2896067ms] [ERROR] Failed to load resource: the server responded with a status of 500 (Internal Server Error) @ http://localhost:3000/api/db/pg-stats?connectionId=55997454-ef35-459a-b892-5d4bce71fe2e:0
[ 2898067ms] [ERROR] Failed to load resource: the server responded with a status of 500 (Internal Server Error) @ http://localhost:3000/api/db/pg-stats?connectionId=55997454-ef35-459a-b892-5d4bce71fe2e:0
[ 2900066ms] [ERROR] Failed to load resource: the server responded with a status of 500 (Internal Server Error) @ http://localhost:3000/api/db/pg-stats?connectionId=55997454-ef35-459a-b892-5d4bce71fe2e:0
[ 2902069ms] [ERROR] Failed to load resource: the server responded with a status of 500 (Internal Server Error) @ http://localhost:3000/api/db/pg-stats?connectionId=55997454-ef35-459a-b892-5d4bce71fe2e:0
[ 2904070ms] [ERROR] Failed to load resource: the server responded with a status of 500 (Internal Server Error) @ http://localhost:3000/api/db/pg-stats?connectionId=55997454-ef35-459a-b892-5d4bce71fe2e:0
[ 2906067ms] [ERROR] Failed to load resource: the server responded with a status of 500 (Internal Server Error) @ http://localhost:3000/api/db/pg-stats?connectionId=55997454-ef35-459a-b892-5d4bce71fe2e:0
[ 2908067ms] [ERROR] Failed to load resource: the server responded with a status of 500 (Internal Server Error) @ http://localhost:3000/api/db/pg-stats?connectionId=55997454-ef35-459a-b892-5d4bce71fe2e:0
[ 2910068ms] [ERROR] Failed to load resource: the server responded with a status of 500 (Internal Server Error) @ http://localhost:3000/api/db/pg-stats?connectionId=55997454-ef35-459a-b892-5d4bce71fe2e:0
[ 2912069ms] [ERROR] Failed to load resource: the server responded with a status of 500 (Internal Server Error) @ http://localhost:3000/api/db/pg-stats?connectionId=55997454-ef35-459a-b892-5d4bce71fe2e:0
[ 2914068ms] [ERROR] Failed to load resource: the server responded with a status of 500 (Internal Server Error) @ http://localhost:3000/api/db/pg-stats?connectionId=55997454-ef35-459a-b892-5d4bce71fe2e:0
[ 2916082ms] [ERROR] Failed to load resource: the server responded with a status of 500 (Internal Server Error) @ http://localhost:3000/api/db/pg-stats?connectionId=55997454-ef35-459a-b892-5d4bce71fe2e:0
[ 2916508ms] [LOG] [Fast Refresh] rebuilding @ http://localhost:3000/_next/static/chunks/0o.g_next_dist_12tw8g6._.js:2477
[ 2916508ms] [LOG] [Fast Refresh] done in 101ms @ http://localhost:3000/_next/static/chunks/0o.g_next_dist_12tw8g6._.js:2477
[ 2918066ms] [ERROR] Failed to load resource: the server responded with a status of 500 (Internal Server Error) @ http://localhost:3000/api/db/pg-stats?connectionId=55997454-ef35-459a-b892-5d4bce71fe2e:0
[ 2920069ms] [ERROR] Failed to load resource: the server responded with a status of 500 (Internal Server Error) @ http://localhost:3000/api/db/pg-stats?connectionId=55997454-ef35-459a-b892-5d4bce71fe2e:0
[ 2922067ms] [ERROR] Failed to load resource: the server responded with a status of 500 (Internal Server Error) @ http://localhost:3000/api/db/pg-stats?connectionId=55997454-ef35-459a-b892-5d4bce71fe2e:0
[ 2924067ms] [ERROR] Failed to load resource: the server responded with a status of 500 (Internal Server Error) @ http://localhost:3000/api/db/pg-stats?connectionId=55997454-ef35-459a-b892-5d4bce71fe2e:0
[ 2926067ms] [ERROR] Failed to load resource: the server responded with a status of 500 (Internal Server Error) @ http://localhost:3000/api/db/pg-stats?connectionId=55997454-ef35-459a-b892-5d4bce71fe2e:0
[ 2928068ms] [ERROR] Failed to load resource: the server responded with a status of 500 (Internal Server Error) @ http://localhost:3000/api/db/pg-stats?connectionId=55997454-ef35-459a-b892-5d4bce71fe2e:0
[ 2930068ms] [ERROR] Failed to load resource: the server responded with a status of 500 (Internal Server Error) @ http://localhost:3000/api/db/pg-stats?connectionId=55997454-ef35-459a-b892-5d4bce71fe2e:0
[ 2931518ms] [LOG] [Fast Refresh] rebuilding @ http://localhost:3000/_next/static/chunks/0o.g_next_dist_12tw8g6._.js:2477
[ 2931563ms] [LOG] [Fast Refresh] done in 147ms @ http://localhost:3000/_next/static/chunks/0o.g_next_dist_12tw8g6._.js:2477
[ 2932067ms] [ERROR] Failed to load resource: the server responded with a status of 500 (Internal Server Error) @ http://localhost:3000/api/db/pg-stats?connectionId=55997454-ef35-459a-b892-5d4bce71fe2e:0
[ 2934069ms] [ERROR] Failed to load resource: the server responded with a status of 500 (Internal Server Error) @ http://localhost:3000/api/db/pg-stats?connectionId=55997454-ef35-459a-b892-5d4bce71fe2e:0
[ 2936068ms] [ERROR] Failed to load resource: the server responded with a status of 500 (Internal Server Error) @ http://localhost:3000/api/db/pg-stats?connectionId=55997454-ef35-459a-b892-5d4bce71fe2e:0
[ 2938068ms] [ERROR] Failed to load resource: the server responded with a status of 500 (Internal Server Error) @ http://localhost:3000/api/db/pg-stats?connectionId=55997454-ef35-459a-b892-5d4bce71fe2e:0
[ 2940068ms] [ERROR] Failed to load resource: the server responded with a status of 500 (Internal Server Error) @ http://localhost:3000/api/db/pg-stats?connectionId=55997454-ef35-459a-b892-5d4bce71fe2e:0
[ 2942070ms] [ERROR] Failed to load resource: the server responded with a status of 500 (Internal Server Error) @ http://localhost:3000/api/db/pg-stats?connectionId=55997454-ef35-459a-b892-5d4bce71fe2e:0
[ 2944066ms] [ERROR] Failed to load resource: the server responded with a status of 500 (Internal Server Error) @ http://localhost:3000/api/db/pg-stats?connectionId=55997454-ef35-459a-b892-5d4bce71fe2e:0
[ 2946068ms] [ERROR] Failed to load resource: the server responded with a status of 500 (Internal Server Error) @ http://localhost:3000/api/db/pg-stats?connectionId=55997454-ef35-459a-b892-5d4bce71fe2e:0
[ 2948066ms] [ERROR] Failed to load resource: the server responded with a status of 500 (Internal Server Error) @ http://localhost:3000/api/db/pg-stats?connectionId=55997454-ef35-459a-b892-5d4bce71fe2e:0
[ 2950066ms] [ERROR] Failed to load resource: the server responded with a status of 500 (Internal Server Error) @ http://localhost:3000/api/db/pg-stats?connectionId=55997454-ef35-459a-b892-5d4bce71fe2e:0
[ 2952066ms] [ERROR] Failed to load resource: the server responded with a status of 500 (Internal Server Error) @ http://localhost:3000/api/db/pg-stats?connectionId=55997454-ef35-459a-b892-5d4bce71fe2e:0
[ 2954066ms] [ERROR] Failed to load resource: the server responded with a status of 500 (Internal Server Error) @ http://localhost:3000/api/db/pg-stats?connectionId=55997454-ef35-459a-b892-5d4bce71fe2e:0
[ 2956067ms] [ERROR] Failed to load resource: the server responded with a status of 500 (Internal Server Error) @ http://localhost:3000/api/db/pg-stats?connectionId=55997454-ef35-459a-b892-5d4bce71fe2e:0
[ 2958069ms] [ERROR] Failed to load resource: the server responded with a status of 500 (Internal Server Error) @ http://localhost:3000/api/db/pg-stats?connectionId=55997454-ef35-459a-b892-5d4bce71fe2e:0
[ 2960067ms] [ERROR] Failed to load resource: the server responded with a status of 500 (Internal Server Error) @ http://localhost:3000/api/db/pg-stats?connectionId=55997454-ef35-459a-b892-5d4bce71fe2e:0
[ 2962067ms] [ERROR] Failed to load resource: the server responded with a status of 500 (Internal Server Error) @ http://localhost:3000/api/db/pg-stats?connectionId=55997454-ef35-459a-b892-5d4bce71fe2e:0
[ 2964067ms] [ERROR] Failed to load resource: the server responded with a status of 500 (Internal Server Error) @ http://localhost:3000/api/db/pg-stats?connectionId=55997454-ef35-459a-b892-5d4bce71fe2e:0
[ 2966067ms] [ERROR] Failed to load resource: the server responded with a status of 500 (Internal Server Error) @ http://localhost:3000/api/db/pg-stats?connectionId=55997454-ef35-459a-b892-5d4bce71fe2e:0
[ 2968067ms] [ERROR] Failed to load resource: the server responded with a status of 500 (Internal Server Error) @ http://localhost:3000/api/db/pg-stats?connectionId=55997454-ef35-459a-b892-5d4bce71fe2e:0
