[     229ms] [INFO] %cDownload the React DevTools for a better development experience: https://react.dev/link/react-devtools font-weight:bold @ http://localhost:3000/_next/static/chunks/0o.g_next_dist_12tw8g6._.js:2477
[     280ms] [LOG] [HMR] connected @ http://localhost:3000/_next/static/chunks/0o.g_next_dist_12tw8g6._.js:2477
[   30852ms] [LOG] [Fast Refresh] rebuilding @ http://localhost:3000/_next/static/chunks/0o.g_next_dist_12tw8g6._.js:2477
[   30863ms] [LOG] [Fast Refresh] done in 111ms @ http://localhost:3000/_next/static/chunks/0o.g_next_dist_12tw8g6._.js:2477
[   35854ms] [LOG] [Fast Refresh] rebuilding @ http://localhost:3000/_next/static/chunks/0o.g_next_dist_12tw8g6._.js:2477
[   35967ms] [LOG] [Fast Refresh] done in 213ms @ http://localhost:3000/_next/static/chunks/0o.g_next_dist_12tw8g6._.js:2477
[   45870ms] [LOG] [Fast Refresh] rebuilding @ http://localhost:3000/_next/static/chunks/0o.g_next_dist_12tw8g6._.js:2477
[   45899ms] [LOG] [Fast Refresh] done in 143ms @ http://localhost:3000/_next/static/chunks/0o.g_next_dist_12tw8g6._.js:2477
[  215854ms] [LOG] [Fast Refresh] rebuilding @ http://localhost:3000/_next/static/chunks/0o.g_next_dist_12tw8g6._.js:2477
[  215934ms] [LOG] [Fast Refresh] done in 180ms @ http://localhost:3000/_next/static/chunks/0o.g_next_dist_12tw8g6._.js:2477
[  266038ms] [LOG] [Fast Refresh] rebuilding @ http://localhost:3000/_next/static/chunks/0o.g_next_dist_12tw8g6._.js:2477
[  266100ms] [LOG] [Fast Refresh] done in 162ms @ http://localhost:3000/_next/static/chunks/0o.g_next_dist_12tw8g6._.js:2477
[  410853ms] [LOG] [Fast Refresh] rebuilding @ http://localhost:3000/_next/static/chunks/0o.g_next_dist_12tw8g6._.js:2477
[  410950ms] [LOG] [Fast Refresh] done in 198ms @ http://localhost:3000/_next/static/chunks/0o.g_next_dist_12tw8g6._.js:2477
[  570858ms] [LOG] [Fast Refresh] rebuilding @ http://localhost:3000/_next/static/chunks/0o.g_next_dist_12tw8g6._.js:2477
[  570862ms] [LOG] [Fast Refresh] done in 108ms @ http://localhost:3000/_next/static/chunks/0o.g_next_dist_12tw8g6._.js:2477
[  590852ms] [LOG] [Fast Refresh] rebuilding @ http://localhost:3000/_next/static/chunks/0o.g_next_dist_12tw8g6._.js:2477
[  590950ms] [LOG] [Fast Refresh] done in 197ms @ http://localhost:3000/_next/static/chunks/0o.g_next_dist_12tw8g6._.js:2477
[  620896ms] [LOG] [Fast Refresh] rebuilding @ http://localhost:3000/_next/static/chunks/0o.g_next_dist_12tw8g6._.js:2477
[  620920ms] [LOG] [Fast Refresh] done in 89ms @ http://localhost:3000/_next/static/chunks/0o.g_next_dist_12tw8g6._.js:2477
