[     146ms] [INFO] %cDownload the React DevTools for a better development experience: https://react.dev/link/react-devtools font-weight:bold @ http://localhost:3000/_next/static/chunks/0o.g_next_dist_12tw8g6._.js:2477
[     172ms] [LOG] [HMR] connected @ http://localhost:3000/_next/static/chunks/0o.g_next_dist_12tw8g6._.js:2477
[     915ms] [LOG] [Fast Refresh] rebuilding @ http://localhost:3000/_next/static/chunks/0o.g_next_dist_12tw8g6._.js:2477
[    1001ms] [LOG] [Fast Refresh] done in 282ms @ http://localhost:3000/_next/static/chunks/0o.g_next_dist_12tw8g6._.js:2477
[   30763ms] [LOG] [Fast Refresh] rebuilding @ http://localhost:3000/_next/static/chunks/0o.g_next_dist_12tw8g6._.js:2477
[   30764ms] [LOG] [Fast Refresh] done in 107ms @ http://localhost:3000/_next/static/chunks/0o.g_next_dist_12tw8g6._.js:2477
[   45762ms] [LOG] [Fast Refresh] rebuilding @ http://localhost:3000/_next/static/chunks/0o.g_next_dist_12tw8g6._.js:2477
[   45767ms] [LOG] [Fast Refresh] done in 109ms @ http://localhost:3000/_next/static/chunks/0o.g_next_dist_12tw8g6._.js:2477
[   55772ms] [LOG] [Fast Refresh] rebuilding @ http://localhost:3000/_next/static/chunks/0o.g_next_dist_12tw8g6._.js:2477
[   55777ms] [LOG] [Fast Refresh] done in 105ms @ http://localhost:3000/_next/static/chunks/0o.g_next_dist_12tw8g6._.js:2477
[  105762ms] [LOG] [Fast Refresh] rebuilding @ http://localhost:3000/_next/static/chunks/0o.g_next_dist_12tw8g6._.js:2477
[  105762ms] [LOG] [Fast Refresh] done in 105ms @ http://localhost:3000/_next/static/chunks/0o.g_next_dist_12tw8g6._.js:2477
[  115812ms] [LOG] [Fast Refresh] rebuilding @ http://localhost:3000/_next/static/chunks/0o.g_next_dist_12tw8g6._.js:2477
[  115942ms] [LOG] [Fast Refresh] done in 230ms @ http://localhost:3000/_next/static/chunks/0o.g_next_dist_12tw8g6._.js:2477
[  122225ms] [LOG] [Fast Refresh] rebuilding @ http://localhost:3000/_next/static/chunks/0o.g_next_dist_12tw8g6._.js:2477
[  122315ms] [LOG] [Fast Refresh] done in 153ms @ http://localhost:3000/_next/static/chunks/0o.g_next_dist_12tw8g6._.js:2477
[  131650ms] [LOG] [Fast Refresh] rebuilding @ http://localhost:3000/_next/static/chunks/0o.g_next_dist_12tw8g6._.js:2477
[  131718ms] [LOG] [Fast Refresh] done in 145ms @ http://localhost:3000/_next/static/chunks/0o.g_next_dist_12tw8g6._.js:2477
[  231693ms] [INFO] %cDownload the React DevTools for a better development experience: https://react.dev/link/react-devtools font-weight:bold @ http://localhost:3000/_next/static/chunks/0o.g_next_dist_12tw8g6._.js:2477
[  231738ms] [LOG] [HMR] connected @ http://localhost:3000/_next/static/chunks/0o.g_next_dist_12tw8g6._.js:2477
[  232439ms] [LOG] [Fast Refresh] rebuilding @ http://localhost:3000/_next/static/chunks/0o.g_next_dist_12tw8g6._.js:2477
[  232559ms] [LOG] [Fast Refresh] done in 246ms @ http://localhost:3000/_next/static/chunks/0o.g_next_dist_12tw8g6._.js:2477
[  247353ms] [LOG] [Fast Refresh] rebuilding @ http://localhost:3000/_next/static/chunks/0o.g_next_dist_12tw8g6._.js:2477
[  247371ms] [LOG] [Fast Refresh] done in 127ms @ http://localhost:3000/_next/static/chunks/0o.g_next_dist_12tw8g6._.js:2477
[  703643ms] [LOG] [Fast Refresh] rebuilding @ http://localhost:3000/_next/static/chunks/0o.g_next_dist_12tw8g6._.js:2477
[  703676ms] [LOG] [Fast Refresh] done in 132ms @ http://localhost:3000/_next/static/chunks/0o.g_next_dist_12tw8g6._.js:2477
[  712299ms] [LOG] [Fast Refresh] rebuilding @ http://localhost:3000/_next/static/chunks/0o.g_next_dist_12tw8g6._.js:2477
[  712403ms] [LOG] [Fast Refresh] done in 203ms @ http://localhost:3000/_next/static/chunks/0o.g_next_dist_12tw8g6._.js:2477
[  734318ms] [LOG] [Fast Refresh] rebuilding @ http://localhost:3000/_next/static/chunks/0o.g_next_dist_12tw8g6._.js:2477
[  734502ms] [LOG] [Fast Refresh] done in 123ms @ http://localhost:3000/_next/static/chunks/0o.g_next_dist_12tw8g6._.js:2477
[  768213ms] [LOG] [Fast Refresh] rebuilding @ http://localhost:3000/_next/static/chunks/0o.g_next_dist_12tw8g6._.js:2477
[  768413ms] [LOG] [Fast Refresh] done in 139ms @ http://localhost:3000/_next/static/chunks/0o.g_next_dist_12tw8g6._.js:2477
[  818144ms] [LOG] [Fast Refresh] rebuilding @ http://localhost:3000/_next/static/chunks/0o.g_next_dist_12tw8g6._.js:2477
[  818464ms] [LOG] [Fast Refresh] done in 104ms @ http://localhost:3000/_next/static/chunks/0o.g_next_dist_12tw8g6._.js:2477
[  828846ms] [LOG] [Fast Refresh] rebuilding @ http://localhost:3000/_next/static/chunks/0o.g_next_dist_12tw8g6._.js:2477
[  828943ms] [LOG] [Fast Refresh] done in 93ms @ http://localhost:3000/_next/static/chunks/0o.g_next_dist_12tw8g6._.js:2477
[  834650ms] [LOG] [Fast Refresh] rebuilding @ http://localhost:3000/_next/static/chunks/0o.g_next_dist_12tw8g6._.js:2477
[  834726ms] [LOG] [Fast Refresh] done in 124ms @ http://localhost:3000/_next/static/chunks/0o.g_next_dist_12tw8g6._.js:2477
[  855585ms] [LOG] [Fast Refresh] rebuilding @ http://localhost:3000/_next/static/chunks/0o.g_next_dist_12tw8g6._.js:2477
[  855653ms] [LOG] [Fast Refresh] done in 126ms @ http://localhost:3000/_next/static/chunks/0o.g_next_dist_12tw8g6._.js:2477
